1 169 173 292 
2 143 229 
3 123 256 
4 32 
5 200 234 247 298 
6 199 
7 31 87 101 158 291 
8 3 142 
9 71 100 121 
10 102 190 226 251 
11 1 47 93 106 
12 24 78 97 160 163 196 280 
13 211 299 
14 72 125 130 201 225 
15 66 195 213 
16 207 
17 33 69 253 262 286 
18 50 242 255 
19 230 236 
20 180 194 270 275 
21 20 264 
22 90 119 176 208 
23 43 
24 88 244 
25 287 
26 9 45 55 
27 27 73 83 118 139 285 
28 82 99 181 182 231 
29 64 166 172 214 269 
30 52 133 220 224 
31 2 13 54 185 
32 
33 289 
34 81 151 186 
35 29 56 267 
36 6 34 46 67 95 235 263 
37 40 63 197 
38 60 202 
39 239 284 
40 76 
41 85 283 290 
42 17 114 145 162 
43 136 184 252 293 
44 68 219 
45 105 146 204 
46 281 
47 37 94 215 218 258 
48 39 41 57 70 177 227 
49 58 189 
50 30 137 192 
51 210 
52 124 
53 259 
54 77 140 
55 38 127 157 
56 5 8 18 
57 44 59 156 249 
58 35 117 126 129 206 261 266 
59 51 212 288 
60 23 62 91 245 250 
61 26 131 170 295 
62 28 103 191 
63 12 14 48 49 
64 154 
65 120 144 277 
66 79 80 108 179 276 
67 0 42 98 
68 153 209 
69 21 116 273 
70 74 155 205 237 
71 
72 65 109 171 
73 152 
74 92 111 183 272 
75 84 241 
76 110 232 246 296 
77 36 
78 174 238 
79 25 86 
80 15 122 203 248 294 
81 107 128 138 164 198 268 282 
82 4 228 240 278 
83 22 135 
84 89 159 178 254 260 
85 75 113 134 188 243 
86 132 150 
87 175 
88 149 168 
89 104 141 161 165 167 217 
90 10 61 147 
91 11 112 279 
92 148 193 233 297 
93 115 257 
94 223 271 
95 221 
96 
97 7 16 19 265 
98 53 222 
99 96 
100 187 216 274 
