35 334 408 812 930 1518 1664 1848 1926 1936 2501 2725 3200 3303 3682 4078 4603 4781 5270 5793 6125 6157 6160 6239 6589 6630 7040 7381 7410 7675 7949 8167 8196 8581 9334 9633 
26 216 254 1004 2032 2333 2904 2967 3672 4487 4584 4820 5147 6362 6463 6814 7038 7146 7882 7929 8534 9261 9263 9599 9719 9793 9838 
18 74 298 453 922 1780 2010 2240 2790 2812 2981 3380 3913 5526 6805 8011 8463 8469 9989 
17 8 497 996 1820 3308 4010 4019 4834 4853 5523 5706 5784 6252 7606 8021 8302 9481 
28 351 794 1735 1962 2117 2425 2557 2563 2599 3096 3312 3560 3804 4599 4918 5025 5552 5878 6215 7111 7158 7176 7283 7456 7972 8017 9060 9844 
25 270 767 1087 1333 1414 1471 2987 3174 3225 3332 3553 3945 4168 5137 5470 6410 6606 7237 7250 7469 7478 7885 8210 8944 9329 
26 144 315 323 1650 1742 1903 2548 2809 2907 3352 3834 3848 3968 3986 4743 5491 5832 6559 7249 7614 8238 8306 8642 8683 9544 9723 
35 750 824 1159 1285 1644 2337 2456 2561 3002 3135 3408 3773 3925 3965 4428 4913 5091 5379 5399 5415 5932 5984 6095 6607 7141 7258 7372 7390 8137 8257 8484 8872 9332 9479 9905 
34 205 649 718 811 1388 1624 1857 1991 2053 2102 2239 2628 3117 3805 4195 4394 5075 5211 5284 5484 6102 6417 6439 6507 6757 6801 6877 7013 7767 8130 8612 8661 9396 9530 
24 438 450 917 919 1721 1759 1873 2026 2732 3130 3503 3862 4404 4466 5557 5658 6897 7007 7713 7731 7802 8984 9161 9921 
25 530 1677 2035 2246 3232 3564 3694 4365 4479 4638 4696 4854 4888 5014 5094 5175 6437 6555 7862 8064 8353 8730 9131 9134 9153 
28 35 308 515 883 1337 1698 2110 2373 2785 2900 2999 3166 3361 3601 3609 4264 4600 5189 5451 5570 5698 6333 8336 8788 8991 9181 9430 9767 
30 138 736 893 898 906 1003 1758 1953 2069 2263 2402 2426 2576 2759 3103 3706 4253 4263 4843 4885 5011 6331 6822 6945 7212 7451 8437 9076 9085 9976 
22 276 299 350 457 562 570 1755 3685 4152 4333 5148 5262 6124 6512 7627 8072 8105 8229 8489 8606 9216 9641 
20 433 735 782 869 923 1094 1345 2522 2572 2645 2989 4469 5055 5170 5464 5921 6573 7446 8498 8998 
26 49 90 319 499 628 655 1359 1409 2087 2266 2852 3536 3881 4062 4432 4663 4727 4750 4831 6393 6714 6816 8777 9297 9300 9850 
31 328 549 820 1051 1294 1604 1977 1982 2938 3013 3052 3199 3329 3369 3875 4774 5748 5805 5995 6229 7082 7207 7447 7617 7700 8141 8385 8559 8816 9166 9490 
17 184 1068 1215 1474 2345 2631 3170 3476 3692 3759 5054 5488 6842 7160 8298 8427 9892 
23 20 421 459 462 971 1248 1692 2450 2954 3282 4049 5326 5695 5778 6214 6832 6907 7266 7514 9012 9683 9787 9810 
20 209 514 576 1275 1303 1566 2176 2565 3360 3817 4064 5501 5742 6103 6168 6746 7533 8582 9293 9764 
28 94 1396 1497 1670 1720 1860 1870 2059 2084 3292 3576 3877 3887 4068 4251 4534 5978 6222 6756 7027 7400 7414 7489 7781 7820 8446 8525 9680 
25 553 719 903 1709 1729 2688 3061 3126 4047 4668 4909 5845 6142 6751 6759 6910 7131 7678 7917 8445 8622 8681 9399 9593 9610 
18 14 80 256 271 286 2036 2058 3929 5478 5566 6381 7235 7415 7905 8168 8464 8513 9103 
33 86 1008 1685 2114 2440 2691 3670 3671 4149 4295 4453 4729 5158 5809 5948 6242 6663 6707 6718 6950 7230 7333 7657 8009 8382 8409 9032 9192 9437 9555 9618 9629 9968 
20 1244 1667 2061 2582 3211 3414 4788 4795 5216 5713 5953 7129 7454 7589 7881 7943 8590 8698 8836 9861 
25 46 274 1121 1171 1271 1882 2116 3012 3238 3835 3963 4292 4437 4549 4887 5181 5231 5717 5998 6349 7257 7751 8441 9319 9753 
12 435 744 963 1071 1559 2073 2365 4474 5542 7997 8662 8751 
22 301 368 476 956 1221 2486 3287 3365 4350 4810 4949 5893 5952 6436 6629 7232 7712 7931 8020 8181 9339 9398 
30 489 629 1222 2101 2390 2596 2916 3524 3709 3826 3920 4181 5001 5683 6408 6883 7168 7749 7786 7796 8250 8485 8741 8942 9047 9141 9373 9498 9613 9883 
22 359 1931 2132 2385 2706 3180 3274 3385 3603 4645 5402 5687 6632 6659 6914 6973 7596 7669 7760 9160 9553 9943 
30 324 484 640 974 1026 1149 1413 2566 2617 2660 2678 3440 4571 4607 5631 5950 6012 6195 6847 6924 7055 7193 7238 8147 8458 8958 9147 9213 9478 9602 
27 445 1103 1504 2159 2470 3201 3347 3364 3462 3604 4268 4932 5527 5578 6904 7397 7449 7728 8071 8081 8189 8325 8502 8541 8948 9013 9295 
25 36 297 2353 3573 3585 4032 4462 4583 4703 4728 6008 6374 6996 7031 7288 7953 8235 8344 8824 9322 9433 9754 9797 9872 9916 
24 133 568 1001 1520 1925 2091 2248 2412 2727 2925 2933 3761 4652 4762 4935 5205 5235 6152 6854 7077 9117 9211 9280 9326 
23 327 364 526 752 2788 3074 3579 4102 4256 4377 4424 4514 4678 5029 5700 7079 7242 7588 8969 9081 9089 9786 9866 
22 215 573 827 1596 2063 2515 2526 3179 3286 3488 4007 4037 5634 6158 6689 8018 8157 8262 8389 9292 9658 9731 
24 606 1050 1534 1761 1768 1800 2226 2577 3192 3864 4309 4448 4500 4519 6260 7348 7635 7645 7794 8448 8609 8936 9145 9952 
25 22 75 392 596 684 1151 1230 2038 2793 2988 3035 3399 3739 3852 3903 6899 7484 7642 7785 8127 8158 8666 8720 8989 9890 
32 107 370 376 429 731 915 940 1256 1354 1591 2030 2189 2571 2948 3704 4110 4745 5041 5129 5295 6060 6137 7262 7322 7968 8062 8921 8929 8955 9224 9562 9744 
19 3518 3559 3729 4296 4362 5215 5673 5731 5800 5875 5901 6213 6283 6433 8495 8560 9045 9337 9459 
20 180 881 932 1858 3294 3708 3873 4489 6520 6593 6715 6894 7461 7693 7715 8102 8186 8222 8889 9588 
29 26 1011 1194 2439 2791 2960 3258 3760 4125 5027 5030 5059 5558 5601 6232 6345 6672 6808 6949 7102 7721 7874 7903 8517 8904 9132 9185 9207 9578 
24 68 102 157 245 371 717 860 929 1154 1175 1276 1462 2896 4442 4844 4972 5144 7376 7738 9092 9152 9230 9268 9302 
34 213 266 821 1575 1956 2079 2877 3799 3824 4817 5003 5196 5343 5628 5888 6143 6438 6496 6542 6716 6870 6939 7048 7065 7198 7673 7832 8002 8274 8408 9264 9715 9834 9917 
27 810 865 1178 1300 1377 2288 2643 3384 3435 3479 3812 3895 3948 4189 4244 4254 4803 5297 5356 5844 6161 6441 6532 7162 8775 9116 9466 
22 146 1034 1688 1739 1856 2754 4898 5294 5520 6101 6445 6456 6486 6948 7083 7395 7889 8083 8752 8769 9565 9653 
29 154 496 682 1716 1913 2452 2514 2901 3019 3020 3285 3491 3522 3806 4560 5077 5617 5777 5889 6459 7357 7380 7527 7872 7900 7981 8796 9258 9899 
19 493 786 1229 2271 2607 3996 4180 4217 4347 4505 5629 6035 6193 6845 7086 7219 7272 9002 9494 
18 312 836 1117 1883 2146 2168 2763 2976 3076 3129 5102 5473 5917 6081 6568 6705 7409 7561 
32 978 1024 1031 1216 1304 1691 2284 2494 2659 2760 3155 4286 4622 5047 5083 5740 6046 6173 6196 6277 6838 6953 7030 7152 7295 7988 8342 8571 9154 9265 9341 9554 
35 464 626 738 765 768 1000 1449 1781 1842 1987 2327 2719 2914 3452 3714 3906 3969 4036 4779 4904 5756 6032 6455 6649 6651 7298 7980 8128 8284 8372 8924 9219 9323 9930 9948 
26 386 697 1186 1642 1790 1904 2638 3368 3409 3830 4289 4422 4498 5136 5322 5350 5802 7126 7699 7763 8557 8583 9637 9643 9804 9915 
27 532 721 762 1557 1952 2133 2562 2685 3217 3840 4219 4740 4882 5651 5747 5775 6490 6528 6618 6975 7142 7273 8050 8602 8712 8759 9320 
18 161 1240 1289 1573 2694 3775 4345 4358 4407 5035 5644 5867 6902 7520 9096 9199 9484 9814 
31 221 935 1085 1260 1380 2066 2255 2398 2608 3102 3398 3547 4015 4237 4239 4618 4680 4835 5689 6108 6394 6449 6482 6824 7444 8499 8545 8782 9068 9126 9894 
25 650 859 941 2169 2589 3255 3975 4332 4575 5331 5715 6376 6567 6685 6869 7084 7120 7402 7512 7670 7762 8031 8054 8202 9901 
25 498 1223 1565 1821 1843 1980 2131 2959 3330 3331 3710 4267 4275 4327 4530 4987 5852 6350 6930 7130 7261 7610 8249 9109 9287 
25 326 589 611 647 862 1353 2416 2436 2843 3590 4659 4961 5753 5971 6075 6530 6987 7081 7831 7837 8183 8533 9114 9148 9809 
20 1080 1752 2236 2549 4080 4319 4322 4379 4697 5260 6224 6226 7641 7771 8259 8451 8795 9625 9660 9833 
28 430 616 654 793 1349 1749 2893 2986 3253 3272 3610 3650 3652 3705 3879 4128 4340 4361 4508 4825 4975 5280 6077 6316 6639 7334 8947 9397 
24 467 1924 2206 2334 2764 3094 3429 3494 3734 3853 4271 4410 4866 6119 6541 6551 6909 9182 9250 9589 9596 9705 9862 9967 
30 283 729 807 980 1105 1137 1315 1323 2539 2695 4536 4981 5099 5384 5918 5925 6245 6862 7594 8104 8316 8671 8835 8868 8972 9241 9262 9462 9469 9538 
24 921 1209 2160 4969 5312 5383 5534 5556 5573 5972 6154 7100 7227 7668 7745 7897 7973 8001 8037 8705 8842 8945 9137 9747 
33 103 152 474 591 773 1174 2319 2453 2604 3143 3546 4008 4547 4553 4943 5288 5598 5691 5892 6207 6473 7254 7753 7918 7956 8401 8479 8524 8532 9056 9311 9667 9735 
21 1311 1599 1609 1816 1957 2546 2780 3081 3257 3607 4809 5531 6298 6313 7101 7149 8412 8765 8866 9021 9836 
25 73 1124 1254 1418 1493 1656 1766 1885 2200 2530 2867 2918 3642 3762 4352 4375 4446 5394 5506 6052 6100 7401 7703 9750 9817 
30 318 1498 1711 2054 2376 2419 2490 2870 3163 3176 3441 4040 4842 4846 4883 5191 5624 5735 5755 5891 6069 6361 6971 7263 7303 7637 7740 9095 9139 9812 
26 353 582 968 1267 1296 2113 2625 3617 3721 4135 4620 4847 5171 5876 6380 7327 7937 8013 8400 8566 8704 8791 8878 9283 9434 9523 
26 340 1253 1500 1616 2001 2556 2878 3191 3563 3921 4082 4389 4392 5674 6126 6452 6505 6637 6640 7312 7324 7423 8101 8573 9094 9800 
24 158 358 3104 4409 4720 5040 5489 5608 5703 6156 6983 7236 7702 7891 8014 8080 8154 8193 8254 8584 8804 9042 9281 9286 
28 1491 2307 3517 3537 4201 4357 4542 5258 5502 5720 5905 6489 6692 6711 6741 6750 7240 7314 7435 7665 8327 8515 8685 9378 9491 9582 9642 9881 
30 151 166 383 384 1321 1908 2085 3121 3439 4299 4586 4970 5217 5367 5719 6174 6590 7156 8019 8123 8247 8429 8772 8884 8953 9083 9350 9368 9759 9991 
25 38 182 689 1196 1561 2449 2829 3024 3167 3245 4038 4785 4902 5120 5232 5587 5763 5794 5936 6294 6312 7015 7426 8710 9381 
23 238 302 1190 1612 1919 1939 2541 2931 3182 3374 3475 3502 3847 4142 4457 5943 6549 6646 7438 8579 9343 9361 9998 
29 229 432 436 643 833 1084 1623 2217 2222 2316 2437 2677 3859 4892 5068 5325 5406 5582 5907 6249 6365 7062 7119 7692 7816 8436 9526 9603 9778 
22 610 1113 1524 1629 1951 2354 2721 2729 3992 5400 5865 6506 7291 7371 7894 8313 8562 8798 9041 9318 9732 9843 
22 121 403 1419 1613 1717 1946 4050 4568 4838 5275 5329 6227 7063 7095 7404 7526 7573 8000 8265 8755 9432 9536 
15 54 2624 3088 3598 3787 4213 4312 4836 4874 5222 6180 7328 7723 8216 9417 
23 1125 1145 1302 1372 1385 2555 2726 3031 3359 5221 5403 5841 5866 6769 6770 7117 7321 7511 7778 7798 7868 7899 8896 
36 311 529 1056 1232 1251 1381 2123 2686 2860 3039 3362 3436 3640 3979 4005 4130 4532 4597 5268 5359 5817 6056 6068 6071 6230 6235 6454 6588 6936 7809 8133 8134 8308 8442 9057 9349 
22 31 800 864 1176 1458 1684 2205 2718 3348 4403 5134 5883 6021 6513 6644 7045 7572 8063 8251 9546 9646 9799 
23 491 534 1070 1095 1447 1529 2382 2513 2523 3025 3687 4106 4564 4764 5370 5640 6865 6964 8122 8518 8595 8598 9111 
26 332 1079 1942 2107 2872 3084 3231 3320 3577 3612 3690 3754 4664 5677 6378 6461 6928 7009 7304 7599 8152 8552 8853 9411 9644 9718 
31 95 234 366 645 1242 1318 1356 2851 2875 3430 3588 4223 5423 5471 5604 5611 5928 6098 6194 6287 6521 6935 7326 7385 7522 7539 8371 8831 9205 9474 9766 
25 183 385 899 1058 1475 2383 3218 3302 3717 3816 4768 4973 5062 5730 5772 6009 6491 6592 6670 7765 8610 8883 9734 9823 9985 
20 249 704 1626 2339 2553 2590 2591 2895 3164 3354 3728 5084 5999 6827 7043 7199 7759 8028 8521 9099 
21 1829 2700 2801 3109 3248 3432 3673 3688 3740 3767 4323 4705 5303 5874 6566 7105 7769 7859 9473 9522 9738 
27 106 653 851 2027 2435 2766 3158 4998 5100 5159 5251 5458 5653 5859 5909 6299 6994 7509 7548 7579 7607 7994 8023 8787 9449 9465 9647 
30 362 2009 2570 2595 3050 3313 3489 3542 3646 3786 3837 4030 4114 4129 4430 4636 5551 5569 5636 5884 6339 7200 7428 7534 7726 8307 8707 8873 9267 9979 
29 993 1291 1426 1832 1993 2508 2612 3043 3168 3363 3461 3530 5207 5397 5657 5863 6104 6182 6596 6825 6913 7704 8213 8217 8273 8778 8871 9275 9706 
32 559 839 1401 1478 1862 1954 2148 2213 2377 3154 3284 3581 3919 4250 5382 5521 5843 6163 6386 6443 6466 6480 6835 7071 7420 7535 7922 8290 8296 8310 8432 9401 
30 240 397 965 1484 1637 1713 2014 2029 2140 2152 2305 2749 2797 2912 3153 4025 4210 4506 4510 4963 5447 5709 5788 6533 6733 7844 8260 8757 9016 9870 
25 159 581 835 1250 1513 1748 2506 3434 4420 5431 5728 5768 5945 6031 6343 6609 6885 6940 7269 7756 7799 8457 8763 9785 9993 
27 134 598 826 1532 2111 2892 3236 4197 4301 4567 4624 4714 4878 4907 5540 5599 5618 6472 6784 6856 7432 7993 8149 8823 9075 9157 9277 
29 130 947 1039 1046 1998 2155 2181 2186 2242 2371 2468 2962 3113 3456 3691 4199 4566 4606 6391 6698 6713 7140 7315 7343 7966 8024 8116 8608 9044 
19 227 1185 1308 1481 1537 1589 1737 1764 2537 3391 4635 6534 7379 7468 7724 7750 8044 8226 9708 
23 471 706 753 1169 1370 2299 2471 3016 4144 5237 5377 6789 7201 7253 7574 7887 8488 8713 8891 9353 9354 9385 9451 
28 1192 1249 1809 1958 2626 2990 3065 3723 4476 5021 5117 5472 5507 5594 5825 6752 6997 7267 7388 7643 8077 8165 8258 8288 8548 8950 9591 9853 
17 12 604 673 1021 1052 1245 2609 4053 4098 5646 7480 7638 8106 8601 9123 9674 9757 
25 300 944 1199 1398 1955 2005 2249 2862 2998 3077 3481 3611 4328 4341 4801 5198 5309 5846 6047 6109 6366 8368 8467 8726 9858 
28 871 1012 1109 2343 2583 2848 3071 4039 4371 4876 5497 5823 6062 6422 6545 6577 7091 7110 7591 7603 7845 8355 8394 8691 9255 9291 9298 9974 
35 118 417 563 659 672 1018 1110 1184 1441 1725 1999 2431 2528 2841 2861 2921 3526 4027 4166 4185 4349 4482 4708 5279 5511 5641 5906 6162 7961 8677 8858 8862 9097 9579 9791 
18 580 594 1704 1876 1973 2393 2417 2714 2905 3161 4290 4497 7544 7938 8567 9136 9595 9903 
25 63 620 918 1035 1138 1265 1808 2464 3523 3667 3842 4094 4279 4517 4906 5248 5286 5979 6400 6783 7398 7575 7658 8426 9692 
18 93 267 389 510 511 543 1214 1652 1881 2368 2743 2751 3841 4248 4829 5532 8766 8937 
26 601 713 861 1111 1417 2147 2194 2485 2735 3047 3411 3451 3823 4297 4376 4540 5213 5853 5899 6421 6998 7213 8087 8856 9119 9969 
20 982 1183 2367 2547 3907 3978 4450 4472 6379 6387 6402 6966 7034 7121 7399 7563 8190 8663 9101 9944 
18 799 1165 1384 1863 2356 2542 2977 3136 3599 3951 4734 5121 5302 6411 7393 8789 8919 9777 
23 18 1840 2167 3324 3355 3624 3766 3810 4182 4288 5282 6347 7058 7349 7908 7913 7992 8593 8761 9217 9235 9303 9463 
17 263 372 724 829 1307 2584 3668 3946 5106 5206 6334 6369 6686 6768 6941 7098 7764 
22 101 287 412 602 916 949 2838 2849 3681 4232 5223 5500 5962 6803 7733 7909 8366 8660 8797 9201 9770 9904 
24 463 1450 1587 1773 1835 2317 2378 2580 2991 3349 4111 4132 4525 5429 6038 6504 6749 7595 7600 7732 8078 8895 8905 9964 
23 671 699 1867 1948 2543 2569 2632 2950 3605 3724 4484 6033 6132 6700 7546 7565 7923 7962 8295 8673 9446 9837 9842 
26 1522 1583 1814 2099 2587 2737 4401 4799 4811 4873 4948 5056 5391 5941 6106 6669 6852 7033 7289 7341 7443 8781 8941 9321 9898 9913 
28 96 880 2392 3505 4588 5265 5684 6037 6187 6405 6440 6517 6620 6791 6895 7054 7498 7517 8034 8107 8364 8390 8459 8665 8860 9238 9402 9515 
26 99 100 153 1770 1783 1921 3003 3138 3755 4169 4222 4523 5110 5445 6671 6681 7347 7555 7682 8352 8624 8807 9038 9220 9668 9963 
23 232 834 910 1210 3134 3187 3574 3745 4381 5006 5450 5563 6209 6234 6522 6774 7090 7150 8309 8654 8844 9254 9514 
32 29 346 636 685 1128 1255 1528 1668 1896 1900 1901 2684 2711 2752 3989 4246 4619 4984 5088 5178 5347 5671 5902 7182 8097 8329 8605 8709 8841 9127 9232 9371 
20 781 1344 1662 1918 2096 2351 2777 5463 6091 6240 7558 7667 8176 8367 8430 8523 8544 8880 9428 9652 
32 751 948 1693 2304 2418 3032 3147 3220 3307 3768 3883 3902 4454 4650 4769 4815 5015 5071 5161 5272 5333 5460 5898 7366 7464 7947 7999 8164 8184 8211 8215 9383 
24 396 536 691 1839 2758 2789 2882 2936 3392 3713 4112 4363 4704 5363 6937 7297 7384 7812 8402 8483 9352 9435 9571 9992 
21 501 705 1063 1269 1578 1756 1916 2137 2296 2518 3281 4370 4390 6488 7061 7209 7916 8209 8702 8793 9436 
28 181 954 1140 1259 1330 1621 2092 2372 2879 3521 4270 4792 4983 5278 5307 5369 6328 6468 6547 6647 7136 7252 7651 8042 8600 9022 9795 9929 
34 344 354 394 1277 1378 1697 1943 2455 2842 2979 3614 4134 4475 4563 4857 4911 5293 5413 5605 5767 5795 6601 6956 7003 7223 7497 7720 7857 7970 8690 9073 9225 9266 9730 
22 281 294 797 1005 1180 1451 1506 1647 2665 3561 4259 4695 5031 5126 5643 6264 6603 7331 7431 8015 9721 9826 
24 17 67 112 1828 2221 2461 2839 2939 3014 3139 3557 4100 4366 4515 5034 5049 5185 5912 7157 7317 7924 8435 9165 9620 
24 226 761 843 1338 1425 1448 1728 2023 2409 2507 3058 3514 3742 5714 6315 6317 7197 8292 8832 9272 9394 9748 9876 9984 
26 178 260 656 1961 2187 2211 2320 2657 2982 3177 3741 3802 4316 4380 4393 4634 4683 5012 5153 5774 6322 6631 7166 8277 8580 9228 
21 369 703 942 1512 2070 2237 2585 3243 3389 3791 4274 5249 5292 5816 5946 6843 7094 7163 7646 7743 8801 
26 1093 1266 1274 1473 1560 1588 2529 3337 3393 3449 3845 4020 5345 5439 5681 6616 6739 6864 7026 7571 7828 7967 8059 8320 8859 9655 
26 273 803 1342 3555 3872 4425 4819 4942 5143 5459 5482 5751 5818 6325 6702 7695 7817 7982 8417 8933 9194 9296 9377 9438 9606 9773 
21 2 325 688 739 1206 1847 1899 2679 2779 3334 4139 4460 4582 4884 5113 5785 6128 7320 7338 8496 9138 
30 207 896 1428 1922 2019 2664 2687 3083 3178 3618 3790 3967 4216 5389 5499 5729 5990 6117 6478 7472 8201 8321 8586 8643 8890 8951 9445 9572 9702 9726 
17 147 737 1929 3525 4229 4538 4656 4675 4711 5264 5435 6205 6256 7681 8160 8474 9019 
21 6 186 246 541 815 1547 1744 2375 2629 2744 3241 4194 4266 4317 4546 4798 5233 5486 6981 8922 9189 
24 732 1225 1281 1438 1454 1906 2047 2057 2127 2858 2876 2972 3820 4367 4967 5961 6643 7178 7345 8328 8876 8970 9700 9955 
32 212 401 663 1496 2157 2182 2413 2441 2463 2698 2800 2957 3608 3795 4103 4178 4486 4562 4937 4968 5602 5621 5992 6301 6621 7609 7867 8693 8732 8776 8822 9769 
24 804 1423 1937 2330 2647 2864 2955 3350 3867 4145 4718 4863 5160 5305 5592 5744 5835 6199 7391 7424 9412 9650 9671 9701 
26 439 1083 1162 1947 2253 2713 3044 3377 3756 4156 5575 5935 6497 6918 6999 7010 7350 7488 7491 7705 7895 7940 8138 8219 8564 8985 
30 774 1107 1122 1434 1516 1798 2483 3890 3972 3976 4009 4154 4330 4431 4955 5860 6016 6794 6968 7014 7281 7319 7386 7505 8603 8987 9472 9805 9855 9882 
32 48 583 1393 1601 1927 2473 2492 2940 3580 3794 4351 4353 4929 5208 5253 5849 6001 6029 6453 6580 6627 6938 7143 7191 7367 8207 8340 8706 8849 8920 9664 9891 
23 517 1632 2179 2362 2733 2945 3017 3233 3244 3470 4034 4687 5512 5635 6134 6652 6879 7103 8892 9133 9273 9470 9772 
17 622 2136 2454 2833 3260 4807 6574 6727 6811 7413 7593 7659 7800 8241 8530 9605 9918 
23 513 802 924 1760 2254 2623 2633 2953 3079 4029 4108 4905 5139 5704 6990 7507 7664 8282 8456 8539 9375 9421 9789 
30 228 280 509 790 816 1257 1376 1429 1682 2748 3172 4119 4374 4570 4660 4784 4824 5081 5103 5654 5956 7791 8173 8480 8535 9004 9342 9897 9900 9942 
32 19 239 452 525 1205 1301 1715 1810 2056 2150 2602 2836 2980 3371 3544 3644 4632 5225 5444 5645 5685 6045 6133 6359 6360 6428 6839 6896 7204 8299 8634 9712 
24 4 303 873 878 1163 1389 1526 1606 2411 3087 3327 3596 4035 4360 4528 4715 4746 5610 6962 8269 8827 9340 9768 9830 
33 331 579 1042 1509 2386 3112 3372 3394 3782 3964 4109 4269 4518 4669 4886 5169 5352 5650 6078 6484 6929 7057 7124 7323 7354 7834 8039 8206 8300 8339 8490 8739 9082 
29 1130 1539 1645 1701 2184 2314 3162 3800 3934 3993 4192 4644 4938 5132 6388 6554 6955 7148 7601 7679 7688 7782 8150 8197 8650 9509 9902 9919 9958 
22 866 936 1597 1819 1933 2210 2611 2675 3283 3942 3981 4627 4713 4796 5676 6429 6772 7271 7508 7875 8036 8349 
29 174 552 662 1013 1019 1570 2655 2699 3196 3540 4260 4830 4928 5177 5564 5732 6087 6510 6690 6993 7870 8033 8125 8286 8311 8331 9163 9202 9986 
22 41 1081 2095 2193 2325 2478 2704 3998 4101 4593 5239 5380 6096 6744 7876 8169 8440 8686 8956 9249 9519 9825 
18 288 348 1204 1505 1666 2139 2361 3097 4580 6070 8111 8812 9011 9050 9158 9231 9423 9467 
21 1482 1673 2161 2209 2283 4241 4483 4516 4533 5224 5625 5773 5908 6003 6092 6363 7543 7663 8266 8839 9920 
28 7 104 198 564 1657 2004 2621 2668 2805 3022 3457 3593 3915 4761 4922 5155 5840 5871 6192 6272 7299 8253 8419 8554 8774 9087 9242 9927 
38 608 1465 1592 1594 1658 1945 2119 2323 2347 3237 3289 3769 4346 5064 5118 5168 5769 5838 5880 6036 6144 6206 6444 6858 6979 6988 6995 7184 7256 7265 7787 8301 8383 8794 9043 9369 9818 9957 
24 206 523 694 931 945 1037 2874 3751 4308 4520 4616 4839 5067 5320 5475 6278 6502 6617 7843 8233 8587 8721 9338 9849 
21 569 868 904 1141 1875 2401 2427 2757 3207 3388 4302 4747 4944 4996 5038 5095 5412 7989 8546 8806 9195 
27 639 852 2303 2311 2475 2534 2985 3159 3828 3892 4123 5462 5801 5958 5981 6018 6597 7203 7493 8174 8228 8346 8657 9054 9151 9505 9771 
31 214 434 607 745 1155 2103 2509 2650 2667 2786 3118 3602 3613 4417 4605 5090 5546 5642 5919 6058 6251 6326 6878 8117 8592 8897 9239 9453 9533 9547 9937 
27 595 1440 1461 1533 1968 1975 2465 2568 2883 3151 3314 3477 4024 4214 4238 4735 4738 4856 5240 5562 5597 5873 6963 7179 7581 7774 8414 
22 202 388 404 460 475 480 1834 2532 2911 2971 3511 3971 4629 4654 5097 7274 7569 7838 7898 7975 8779 9648 
21 889 1674 1679 1722 1859 2055 2364 2973 3788 3869 4826 5209 6039 6051 6107 6788 7340 7530 7639 7680 8359 
23 140 313 373 423 548 727 1198 1888 2480 3054 3234 4165 4298 4396 5092 5879 5991 6474 7078 7389 7807 9098 9183 
24 156 879 1161 1615 2352 2500 2762 3095 4257 4674 4871 5590 5951 6289 6399 6524 6781 6815 7502 7698 8808 8846 9169 9504 
18 524 946 1164 1472 2105 2731 3418 3606 3871 4612 5664 5761 5864 6346 7419 9064 9690 9845 
23 1358 3689 3716 4245 4456 4630 4690 4833 4945 5230 5931 6005 6177 6358 6853 7701 7954 8047 8214 8304 8376 9949 9956 
30 0 113 702 1649 1822 2241 3582 3736 3909 4056 4661 4827 4982 5128 5409 5639 5973 6536 6636 7018 7430 7467 7611 7858 7920 8514 8809 9443 9763 9819 
25 447 1049 1115 1261 1535 2819 3219 3469 3829 4209 4717 4737 5338 5579 6330 6726 6745 7364 8118 8179 8505 8538 8979 9102 9204 
17 557 558 984 1490 1970 3010 3145 3657 5407 5448 5669 7144 8089 8182 9294 9305 9624 
28 711 1054 1061 1593 2739 3160 3206 3382 3497 3527 3625 3696 4202 4324 4576 5593 5957 6247 6336 6648 6857 7214 7359 7823 8543 9577 9815 9972 
17 375 1341 1823 1934 2088 3027 3149 3515 3658 3953 5109 6140 6470 8369 8529 9755 9912 
21 1 119 233 1139 1738 2199 2407 2844 2932 3131 3534 3926 4573 5039 5434 5528 7957 8558 8615 8826 9583 
33 964 966 1006 1020 1379 1433 1486 1595 1634 1795 1864 1909 2037 2702 3057 3195 3566 3846 3856 6025 6599 7722 8166 8420 8678 8696 8764 9015 9237 9524 9628 9945 9999 
23 16 885 995 1295 1938 2041 2286 2681 3082 3410 3508 3541 4927 4941 5166 5848 6537 6893 7307 8140 8230 9030 9180 
33 117 149 199 252 479 970 1360 1778 2251 2448 3106 3250 3551 3647 4221 5115 5726 5894 6007 6175 6217 6276 6546 6872 7231 7552 7582 7696 8115 8314 9274 9513 9710 
25 72 162 218 356 707 1306 1399 1463 2219 3203 3827 3882 4127 4203 5022 5622 6525 6605 6673 6980 7096 7118 7383 8357 9865 
27 402 877 1362 2098 2104 2268 3228 3396 3433 3460 3675 4543 4646 5398 5440 5467 5679 6151 6414 7562 7969 8585 8699 8867 9080 9348 9404 
24 295 468 734 1690 1880 2300 2909 3305 4012 4124 4513 4702 5004 5897 6511 6641 6688 6710 7878 8223 8264 8770 8802 9535 
26 455 855 1317 1430 1631 1793 3116 3719 3974 4318 4326 4665 4859 5273 5368 5591 5856 6553 7093 7192 7577 8171 8447 8855 9027 9988 
32 167 952 1452 1501 1543 1622 2947 3007 3062 3265 3341 3406 3539 3628 3738 3797 3957 4026 4601 5256 5514 5607 5670 7691 7856 7932 8051 8617 9023 9317 9751 9822 
21 58 257 258 574 777 1158 1836 3254 3295 4794 4802 5718 6540 6748 8112 8694 9031 9067 9167 9709 9711 
30 98 189 1077 1096 1407 1678 1718 1723 2250 2635 2670 2745 2903 3401 3666 4153 4174 5073 5633 6017 6406 6760 7429 7487 8120 8245 8395 9018 9689 9745 
20 123 437 884 888 1135 1683 1745 1874 3091 3101 4816 5212 6432 6464 7125 7177 7748 7965 8126 8503 
25 275 410 644 669 934 1236 1395 1639 2889 3746 4096 4307 4731 5443 5496 6418 6888 7161 7220 7490 7801 7850 8536 8611 8629 
21 329 1969 2423 3718 3893 4561 4959 5180 5819 5900 5929 6799 6892 6917 7615 8460 9120 9387 9389 9654 9670 
24 795 2291 2730 2772 3473 4158 4191 4212 4910 5045 5219 5252 5688 5734 6138 6552 6625 6734 6867 7624 8482 8821 9107 9857 
17 908 938 1191 1436 2458 3623 4688 5626 6584 6600 6766 8203 8370 8949 9358 9549 9594 
15 21 47 1060 1633 2164 2579 3290 4014 6236 6662 7991 8069 8549 8703 9885 
21 339 422 814 911 914 1127 2220 2560 2661 3296 3443 4388 5108 5539 5606 6093 6969 7661 7730 7896 9573 
42 508 958 1286 1366 1549 1646 1879 2121 2233 2434 2550 2575 2627 2756 3045 3123 3428 3839 4092 4104 4170 4849 5116 5204 5266 5503 5576 5790 6135 6841 6959 7070 7183 7450 8722 8886 9135 9200 9229 9356 9792 9908 
33 733 766 841 870 1714 1871 2208 2761 2951 3268 3400 3639 3655 4303 5214 5360 5453 6026 6048 6082 6462 7127 7499 7566 7709 7852 7951 7960 8061 8814 9066 9507 9982 
23 1089 2013 2028 2588 3239 3266 3586 3634 3838 4436 4658 5127 5890 6139 6495 7592 7927 7979 8362 8550 9069 9488 9529 
35 81 512 818 955 998 1515 2165 2278 2309 2814 3249 3711 3940 4126 4261 4504 4773 5193 5373 5483 5924 6243 6306 6309 6575 6677 6723 6823 7088 7382 7608 8825 8925 9310 9601 
41 374 677 757 1126 1168 1247 1290 1495 1706 1923 1981 2597 3270 3482 3571 4157 4183 4207 4231 4242 4287 4465 4490 5493 5509 5603 5686 5855 6922 7578 7684 7706 8049 8079 8574 8646 8986 8988 8996 9179 9663 
18 307 1134 1457 1663 2512 2640 3496 4278 4861 4977 5529 5782 5911 6197 6645 7135 7264 9414 
19 1316 1887 2207 2429 2637 2902 3128 4276 4471 4621 5078 7513 8187 8424 8551 8946 9130 9336 9724 
28 1499 1811 1894 2469 3468 3703 4187 4220 4385 4700 4772 5017 5301 5337 5858 6041 6179 6308 6576 6679 7186 7462 7556 8537 8790 8935 8952 8963 
24 3 56 125 1098 1489 1818 2379 2808 2983 3484 3780 4509 4559 4765 5418 5776 5829 6836 6848 6958 7529 8494 8931 9501 
31 65 1278 1309 1327 1655 2399 2630 2899 3175 3519 3529 3860 4067 4958 5005 5764 6300 6303 6703 6767 7623 8225 8508 8811 8915 8992 9035 9104 9456 9640 9765 
26 913 1074 1576 1651 2017 2094 2884 2924 3572 4058 4161 4234 4485 4637 4989 5172 6771 6834 7803 8285 8384 8386 9173 9221 9779 9925 
15 23 809 1086 2045 2978 2993 4188 5105 5229 5390 5870 6114 7044 7631 8803 
24 588 1264 1551 2138 2369 3333 3543 4076 4463 5220 5330 5903 5983 6090 6130 6586 6635 7365 7448 7780 8688 9093 9581 9909 
28 163 253 587 1100 1397 2016 2442 2603 3188 3420 3463 3472 3865 4171 4176 4325 4512 4739 4850 5201 5711 5722 5739 6680 7906 8191 8439 9933 
20 71 823 2820 3092 3269 3531 3950 4063 4211 4416 4684 4692 4787 7099 7406 7978 8815 9455 9510 9518 
19 585 806 2112 2944 3884 4051 4956 5515 6027 6030 6084 6638 7097 7243 7392 7779 7795 8343 8906 
26 210 482 783 822 985 1324 2432 2676 2881 3036 3375 3664 3878 4925 6063 6203 6416 6458 7411 7819 7901 8227 8388 8680 8962 9889 
18 255 1636 1844 1928 2230 2252 2564 2703 3578 4610 5186 6059 6684 7523 8626 9005 9590 9846 
21 714 1785 2120 2531 2554 2709 3584 3954 4070 4412 5361 5661 7190 7205 7286 7515 8159 8865 8869 8893 9143 
26 27 42 1287 1577 1686 2264 2415 3345 3752 4011 4044 4131 4604 4978 5675 6668 6682 6954 7285 7911 7986 8276 8594 8727 9105 9214 
27 505 1097 1427 1614 1986 2083 2125 2813 3108 3323 3868 4054 4061 5261 5271 5854 6281 6311 6558 6932 7092 8236 8487 8799 9029 9288 9486 
30 34 122 243 262 272 1014 1351 1907 2404 2610 4699 5757 5786 5789 5861 5933 6223 6254 6509 6915 7482 7766 8131 8199 8675 8744 9418 9541 9634 9728 
24 846 1172 1188 1234 1273 2443 2728 3240 4434 4507 4775 4971 4993 5516 5733 5934 6111 6696 7952 8132 8838 8907 9256 9442 
29 309 440 554 715 720 1108 1331 1392 1996 2062 2787 2873 3078 3259 3264 3924 6072 6073 6183 6642 7025 7814 8170 8194 8450 8687 9001 9040 9729 
33 285 456 466 1181 1510 1702 2108 3099 3591 3818 3898 4200 4995 5009 5285 5287 5452 5504 5554 5851 6500 6691 6706 6806 7622 8279 8428 8512 8961 9118 9218 9425 9471 
23 197 431 2051 2324 2594 2771 2923 3090 3379 4143 4233 4356 4657 5519 6228 6613 6986 7041 7985 9365 9427 9587 9802 
23 1028 1224 1405 2012 2408 2573 2965 3221 4227 4310 4337 4338 4565 5010 5226 5822 6392 6891 8124 8354 8898 9307 9959 
32 30 488 535 1217 1508 1751 1784 2484 2653 2825 3261 4429 4666 4997 5349 5351 5887 6479 6634 7011 7122 7300 7477 7587 8175 8504 8976 9077 9159 9476 9542 9877 
22 1073 1915 3504 3821 4265 4314 4440 4614 4808 4926 4985 6467 6476 6743 6943 7471 7501 7620 8045 8244 9614 9739 
29 211 495 599 1030 1328 1329 1439 2158 2177 2183 2349 2913 2984 3594 4400 4419 4548 4752 5227 5495 5885 6136 6153 6390 6598 7847 8613 9048 9447 
22 387 486 1352 1374 1408 1611 1654 2247 2768 2831 3152 3353 5659 6122 7151 7309 7545 7752 7768 7835 9197 9444 
25 391 561 1129 1173 1343 1571 1618 1640 1890 2558 3209 3306 4087 4120 4177 4339 4592 4681 5151 7959 9090 9408 9788 9940 9965 
21 66 155 220 667 2795 3321 3587 3701 4426 5701 6146 6250 6742 7004 7155 7422 8641 8667 9392 9685 9893 
15 279 618 3487 4116 4662 5192 6002 6477 6604 7021 7106 7123 8578 8930 9752 
19 481 844 1090 1146 1680 1898 1941 2669 3034 3210 4236 4994 5441 5886 6210 6451 6499 7316 8073 
31 53 1002 1092 1147 1540 1602 2245 2738 2941 3669 4141 4386 4639 4642 4756 4934 5042 5061 5267 5424 5988 6357 6796 7494 8085 8387 8454 8735 9502 9622 9784 
23 59 242 336 584 755 961 1845 2338 2340 3030 3181 3663 3732 4881 5944 6054 7683 8413 9074 9086 9251 9609 9806 
32 97 756 776 890 1364 1421 1469 1572 2834 4626 4671 4805 5241 5690 5967 6265 6266 6674 6804 6942 7585 7727 7744 8319 8399 8506 8932 9039 9312 9521 9639 9813 
22 160 943 1801 1838 2050 2075 2109 2244 2281 2497 4282 4383 4447 4733 5872 6338 7452 7793 8852 8957 9679 9743 
20 62 1456 1825 2696 3127 3416 3722 4173 4732 6123 6327 6426 7741 8092 8510 8899 9122 9208 9309 9676 
23 901 902 1075 2295 2652 3229 4369 4411 5053 5433 5476 5666 5797 5806 6189 6905 7481 7630 8381 8423 8542 9106 9512 
27 259 446 623 1120 1917 2072 2363 2451 2769 2845 3510 4753 4912 4966 5474 5652 6233 6271 6273 6560 7351 7368 8100 8913 9372 9543 9694 
25 171 1106 1555 1833 2008 2517 3142 3144 3223 3552 3661 3774 3880 3930 4193 4641 6115 6171 6736 7584 7840 8501 8750 8785 9388 
32 282 928 1033 1536 1669 2174 2285 2359 2559 3595 3809 3866 4140 4872 5016 5072 5438 5678 6014 6015 7001 7279 7436 7833 7907 8075 8095 8255 8576 8960 9171 9627 
24 854 858 1027 1293 1590 1743 1763 2195 3426 3450 3474 4133 4877 5420 5963 6931 7442 7567 7632 7912 8845 8975 9424 9895 
16 188 994 1671 1997 2966 3636 6049 6919 7925 8027 8070 8204 8275 8396 8753 9926 
19 88 633 678 1502 1705 2322 3291 4481 6978 7067 7104 7921 8040 8121 8129 8659 8724 9188 9970 
27 465 487 1025 1586 1966 2280 2406 2551 2994 3215 3444 3454 4311 4354 4364 4435 5274 5487 5803 6375 6655 6977 7416 7549 8041 9330 9962 
33 179 1750 1959 1967 2076 2298 2391 2835 2880 3317 3415 3485 3874 4725 4851 5087 5492 5498 5787 5987 6335 6758 6826 6884 6887 6982 7107 7196 8492 8964 9072 9308 9391 
22 749 876 950 1066 1696 1815 1884 2202 2228 3021 4028 4073 4522 5596 5737 6304 6724 7821 8520 9247 9413 9482 
19 1314 1841 1994 2482 2520 2544 2663 2742 3053 4423 5263 5612 6738 7170 7880 8239 8959 9576 9840 
26 87 231 251 506 632 894 1212 1219 1477 1754 1963 2422 2920 4272 4480 4748 4950 5146 5318 5535 6817 7547 7747 7788 7892 8162 
30 141 247 1231 1964 2410 2521 2545 2674 3107 3568 3615 3765 3819 4085 4726 4782 5522 5738 5882 6409 6413 6656 7022 7560 7714 7719 8471 8734 8760 9574 
32 222 405 605 831 976 1045 1201 2173 2964 3271 3299 3342 4088 5069 5446 5959 6176 6258 6866 6923 7215 7241 7540 7855 8338 8449 8758 9243 9403 9598 9746 9821 
27 293 454 1262 1375 1552 1567 1827 1831 2380 2822 3695 3770 4042 4218 4382 5627 5970 6253 6785 7159 7318 7378 7580 7735 7976 8224 8762 
24 337 503 1069 1118 1195 1282 1796 1886 2015 2313 4806 5122 5561 5638 5655 5830 7032 7755 8026 8714 8850 9009 9511 9525 
29 830 1243 1402 1782 2832 3403 4822 5812 5940 6088 6285 6425 6447 6795 7629 7789 7790 7806 7830 8185 8200 8348 8900 9003 9108 9464 9673 9720 9911 
28 680 1415 1861 3467 4544 5417 5547 5758 5828 6094 6212 6307 6557 7036 7046 7217 7475 7694 7866 7995 8093 8335 8679 8780 8939 9112 9168 9252 
22 660 927 1789 2618 2802 2803 2826 2890 3029 3533 3645 4002 4284 4443 4521 5926 6773 6793 7112 7914 8875 9550 
27 551 621 1346 1802 2256 2276 2855 3550 3935 4162 4897 5008 5019 5228 5815 6225 6965 7006 7485 7990 8326 8337 8553 8715 9020 9607 9938 
22 973 1015 1974 2898 3042 3189 3247 3891 3949 4343 4441 4771 4778 6284 6302 6665 7172 7360 7648 9357 9495 9551 
28 164 250 763 825 842 1016 1177 1494 1699 2018 2765 2919 3425 3917 3987 4578 4889 5028 5328 5779 6019 6377 7202 7604 8053 8719 8940 9645 
29 145 191 208 1492 1985 2149 2424 3064 3184 3680 4315 4869 5259 5736 6043 6818 7742 8103 8144 8145 8155 8294 8404 8888 8923 9110 9364 9393 9623 
28 110 289 413 692 1794 2229 3421 3442 3905 3983 4151 4230 4495 4724 5243 5568 6219 6515 6777 6829 7024 7739 8380 8547 8917 9129 9184 9688 
25 693 747 1208 3378 3575 3758 3990 4077 4368 5955 6006 6118 6164 6494 6591 6790 7687 7944 8082 8094 8180 8733 9400 9780 9880 
26 44 219 1237 1531 1694 2049 2178 2332 2346 2396 2433 2614 3060 3822 5140 5694 5697 5985 6023 6809 7797 7851 8478 9539 9725 9852 
27 357 425 1057 1412 3204 3897 4013 4175 4196 4344 4433 4899 5145 5182 5388 5530 5765 6661 7707 7941 8418 8461 8493 9010 9062 9415 9946 
22 126 320 518 1563 1971 2302 2533 2606 3267 3322 3464 5336 5827 6493 6583 6687 7528 8818 8874 9362 9367 9980 
22 716 723 1347 3009 3356 4587 5581 6518 6709 6873 7374 7375 7634 7822 7879 8012 8330 9460 9483 9677 9910 9923 
21 343 414 485 686 788 1406 2188 2620 4964 5070 5304 5600 7049 7153 7746 7930 8058 8067 8708 9036 9333 
25 306 619 1719 1769 1897 2658 3004 3545 3686 4052 4190 4224 5355 5505 5745 6527 6860 6890 6952 8365 8738 9049 9621 9649 9953 
30 237 441 741 1326 2021 2272 2992 3301 3554 3737 3811 3825 4045 4294 4539 5024 5138 5174 5915 6371 6868 6881 7754 7928 8220 8237 8272 8684 9585 9868 
23 592 1017 1541 2128 2605 2753 2937 3319 3390 3637 4057 4084 5574 5937 6329 6442 7023 7052 7361 8271 8411 9100 9691 
31 13 377 631 801 1545 1979 2321 2968 3026 3419 4215 4421 4537 4957 5342 5354 5494 5869 6344 6735 6871 7792 7942 8003 8242 8270 8540 8743 8981 9458 9994 
21 891 1332 2815 2865 3115 3423 3861 4372 4608 4736 5050 5154 5411 5560 5960 6319 6654 7674 8110 8177 8305 
29 296 1357 1404 2106 2162 2172 2381 2773 2781 2783 2917 3427 3676 3850 4081 4767 5023 5311 5375 5796 6248 7711 7776 7890 8005 8640 9527 9696 9760 
14 840 1152 1431 2170 2414 4449 4936 5026 5791 5881 6737 8333 9666 9971 
25 277 378 519 1102 1643 1984 2212 2438 2536 2853 2894 4018 4691 4777 5060 5986 6145 6293 6821 7185 7412 8820 9285 9584 9737 
26 84 92 571 1619 2046 2656 2672 2906 3962 4879 4965 5824 5833 6503 6538 6712 6882 7282 7516 8444 8468 8528 8596 8910 9506 9678 
24 25 380 469 2142 2180 2776 3335 3911 3995 4594 4776 4939 5381 5842 6619 6951 7005 8084 8500 8982 9316 9344 9376 9630 
20 235 892 1150 1965 2238 2292 2796 3654 4800 5063 5680 6855 6991 7037 8954 9270 9429 9714 9722 9762 
24 341 863 1542 1740 1779 2064 2613 2856 3325 3801 4373 5277 5372 6367 6519 7553 7861 8455 8655 8697 9346 9420 9704 9869 
29 393 989 1182 1207 1284 2421 2792 3697 3715 4155 4574 4719 4867 4908 4916 5112 5340 5449 5637 6487 7053 7115 7218 7649 8267 9170 9461 9672 9983 
20 148 897 1263 1648 2774 2850 3939 4059 4281 5044 5387 5437 5548 5727 6155 6385 7056 7433 8356 9871 
21 642 1514 2068 2328 3346 3772 3857 4069 4631 4818 5649 5656 7221 7226 7934 8421 8674 8756 8885 9540 9978 
36 60 170 708 813 1511 1630 1914 2007 2044 2129 2134 2310 2958 3985 4438 4685 4841 5013 5125 5365 5541 6457 6514 6813 7134 7339 7554 7602 7618 7655 7818 8297 8475 9115 9193 9279 
18 1610 1992 2622 3040 3500 3832 4225 4917 5244 6010 6550 7039 7662 7987 8156 9406 9707 9713 
23 111 128 1297 1310 1562 1579 1988 3480 3858 3991 4770 5173 5964 6020 6624 7910 8350 8616 8621 8700 9198 9246 9561 
28 657 796 1527 2166 2265 2692 3141 3310 4083 4595 4845 5374 6211 6384 6695 6833 7228 7335 7829 7983 8142 8332 8373 8425 8792 9659 9832 9907 
32 108 114 204 241 666 780 1043 1443 1930 2100 2344 2499 2974 2996 3157 3641 3678 3844 3994 6286 6764 7017 7133 7165 7772 8261 8648 8670 9084 9278 9564 9638 
27 461 987 1410 2020 2040 2308 2341 2740 2935 3070 3894 4235 4572 4602 4797 5036 5076 5276 5414 6291 7050 7066 7114 7439 7839 8377 9366 
27 675 791 1055 1390 1548 2374 2717 3339 3424 4919 4946 5037 5086 5210 5408 6244 6683 7042 7189 7950 8358 8407 8927 8973 9756 9831 9936 
24 597 760 1383 1554 1605 1660 2863 3466 3914 3980 4186 4444 4591 5362 5395 6274 6731 7827 7886 8287 8374 8443 8692 9289 
28 64 617 1038 1091 1241 1466 2258 2394 2430 2487 2527 2671 2821 3205 4673 4722 4875 5545 5974 6147 6579 6740 7948 8143 8768 8847 9071 9604 
25 1336 1736 2011 2289 2481 2799 3041 3583 4046 4653 5323 6270 6354 6571 6753 6779 7492 7958 8588 8695 9475 9665 9669 9736 9906 
28 196 787 957 977 986 1607 1805 1893 3251 4090 4609 4707 4915 4960 4974 5141 5187 6080 6353 6798 8511 8522 9269 9492 9528 9611 9808 9886 
28 1197 1476 2489 2498 2887 2891 2910 3059 3230 4136 4467 5032 5306 5585 6719 6903 6912 7234 7245 7460 7640 7686 7824 8347 8398 8632 9190 9500 
19 420 492 746 1227 1837 2042 2234 2578 3262 4552 4640 5982 6204 6581 6830 7355 7440 9355 9410 
23 494 1365 1488 1558 2097 2806 3150 3252 3747 4321 4758 5080 5456 5457 5693 5862 6216 6427 7476 8281 8462 9315 9697 
16 837 856 1143 2277 2897 3648 3748 4649 4862 5194 6401 6548 6792 7087 7358 8568 
27 131 203 223 335 900 2163 3803 4097 4709 4893 5477 5513 5660 5938 6050 6351 6755 6876 6933 7495 7971 8837 9155 9370 9636 9798 9941 
19 265 709 1041 3100 3693 3984 4413 4501 5705 5721 5993 6000 6859 6874 7945 8967 9363 9422 9954 
18 615 1203 1544 2586 3381 3471 3959 4527 5085 6150 8361 8561 8786 9052 9140 9284 9856 9931 
19 504 507 1010 1369 1659 2215 2460 2736 4894 6246 6424 6561 7568 7576 7671 7863 8283 8620 8817 
20 24 555 2141 3383 3750 4004 4006 4122 4406 4470 5620 6044 6448 6699 6967 7325 7761 8810 9480 9975 
20 137 177 390 1517 1703 1727 1771 2089 2318 2705 2837 4280 7313 8481 8509 8556 9335 9532 9616 9742 
25 522 665 926 1112 2143 2145 3023 3093 3358 3699 4931 6610 6908 7073 7656 7676 8379 8507 8628 8848 8965 8971 9240 9631 9987 
23 646 838 1394 1580 1581 2031 2840 2886 2942 3202 4066 4249 4579 4865 5533 5710 5837 5922 5989 7654 7725 8881 9046 
29 248 381 575 690 1167 1179 1978 2078 2115 2403 2601 2922 3148 3208 3495 4121 4789 5752 6110 6218 6332 7306 7337 7418 7457 8633 8647 9569 9934 
18 15 190 217 1226 1603 2641 2775 3528 3735 3813 3843 4228 5107 6105 6238 6556 9313 9914 
22 5 169 544 726 874 1032 1213 1787 1852 2574 3626 4335 4418 4615 4682 5089 6190 6257 7302 9282 9457 9935 
30 613 1608 1892 2261 2474 2519 2525 2747 2846 3080 3273 3343 3407 4118 4146 4384 4986 4999 5199 5332 5485 6181 6850 6886 8076 8086 9113 9306 9431 9859 
32 143 578 641 674 1170 1983 2491 2811 3048 3395 3453 3548 4391 4439 4742 4864 5043 5167 5615 6149 7008 7068 7247 7619 7825 7984 8526 8591 9128 9227 9656 9781 
24 85 349 398 1976 2778 2798 3198 3730 3944 4001 4262 4285 4452 4837 5184 5949 6587 7080 7437 7570 8248 8651 9014 9758 
28 1523 1641 2039 2065 2794 2823 2828 3194 3256 3684 3933 4105 4313 4577 4848 5770 5954 6040 6722 6763 7145 7174 7211 7270 7777 8711 9597 9686 
23 382 661 1153 1157 2701 2927 3351 4160 4205 4952 5046 6323 6389 6481 6535 7206 7853 7902 8978 9053 9177 9347 9552 
23 61 1065 1812 2666 2943 3402 3629 3870 4247 4628 4828 5428 5667 5804 5820 5969 6465 8046 8231 8431 9051 9149 9847 
27 292 527 1239 1444 1445 1687 2270 2952 3501 3712 4208 4940 5051 5291 5358 5371 5976 6067 6340 6342 6701 7089 7292 9580 9703 9775 9873 
14 832 1202 1708 2260 3297 3815 3863 4304 4840 5164 5586 6188 8966 9575 
22 139 770 1335 1446 2335 2722 2975 3006 3549 3781 4793 6810 6875 7453 7597 7660 8491 8653 8682 8999 9947 9990 
20 444 516 531 845 1416 2680 2720 3089 3888 3918 4531 5405 6141 6585 6800 6851 7195 7538 7672 8004 
21 681 764 1007 1519 1747 1902 2204 2540 3558 4017 4387 4710 6786 7047 7138 7259 7757 8114 8477 8635 9924 
24 185 419 609 695 1166 1681 2598 2683 2782 3620 3653 3904 4723 5119 5131 5455 5584 6901 7519 7626 7666 7815 8742 9452 
18 627 730 882 1211 1803 3459 3512 3749 4095 4976 5466 5525 6594 7175 7963 8108 8256 9860 
23 333 342 1044 1200 1319 1826 3226 4138 4493 5057 5236 5346 5416 5662 6450 7167 8065 8392 8406 8974 9034 9508 9566 
15 427 546 635 651 3631 5114 5836 6011 7028 7598 8278 8393 8618 9063 9928 
19 132 411 1088 1189 1776 2081 2355 2693 3018 3279 3513 4336 5524 5913 6241 7550 7915 8749 9586 
26 244 528 1029 1082 1132 1507 1854 2457 3677 3683 3814 4150 4689 4730 5508 5708 6169 6337 6526 6934 7216 7277 7474 8334 9026 9803 
24 565 748 1585 1732 3114 3889 3982 4283 5319 5613 5760 5896 5965 5968 6061 6595 7180 7531 7926 8293 8403 9146 9271 9568 
31 105 120 201 648 1411 1726 2350 2357 2827 3086 3140 3173 3447 4043 4855 4868 5202 5376 5616 5724 6129 6469 7466 8252 8619 9174 9359 9477 9617 9675 9896 
24 52 115 959 1313 2847 3046 3336 3922 3958 6120 6431 6582 6947 6984 7116 7296 7370 7690 8205 8938 9209 9382 9864 9977 
25 194 1584 2466 2538 2888 3366 3700 3923 4091 4204 4812 5324 5565 5580 5583 5910 6762 7278 7826 8280 8636 8861 9191 9570 9733 
33 28 740 988 1131 2002 2024 2025 2257 2267 2389 2420 2567 3011 3300 3458 3720 3997 4022 4755 4947 5007 5425 5895 6946 7836 8066 8136 8240 8854 8908 9088 9196 9499 
18 567 983 1437 2197 2366 2651 2970 3190 3616 3635 4821 5559 6321 8315 8397 8575 9236 9244 
23 338 933 1156 1258 1348 1368 1468 2074 2269 2673 3235 5712 5762 5781 6305 6372 7229 7458 8113 8341 8434 8672 9380 
32 291 700 722 819 867 1339 1420 1665 2090 2634 3214 3278 3326 3376 3656 3947 4099 5353 5588 5619 5994 6116 6446 6612 7255 8060 8135 8378 8656 8767 9253 9657 
21 269 1582 2282 3146 3344 3651 3744 3854 4712 5364 5366 6099 6191 6279 6398 7224 7804 9144 9175 9290 9782 
29 195 330 428 520 905 1453 1598 1710 1866 1932 2060 3001 3955 4147 4206 4342 6569 6623 6906 6916 6985 7074 7294 7353 7405 8289 9033 9848 9874 
34 264 1053 2358 2476 3111 3165 3569 3961 4093 4698 4701 4751 4924 4990 5096 5419 5920 5977 6083 6166 6167 6320 6483 6523 6563 6776 6992 7248 7377 8943 9360 9556 9841 9966 
28 76 415 637 1220 2198 2755 2824 3807 4378 4405 4414 4804 5188 5197 5334 5386 5537 5810 6148 6516 6920 7109 8813 8894 8901 8912 9687 9879 
34 406 624 758 960 1076 1298 1391 1753 1935 2336 2649 3627 3785 4488 4590 4744 5124 5234 5314 5327 5432 6112 6282 7239 7455 7734 8030 8091 8099 8570 8669 8689 8828 9807 
33 290 304 696 701 712 1101 1218 1268 1340 1361 1546 1799 2348 2716 4113 4179 4613 4914 5316 6178 6420 6539 6828 7064 7268 7344 7407 7737 8139 8909 8977 9187 9867 
24 9 352 363 418 939 1600 1734 2331 3662 3679 3702 3784 4643 5163 5335 5378 5421 6262 6889 6911 7808 7813 8324 9517 
29 458 664 1104 1116 1700 1767 1972 1989 2124 2201 2504 2592 2642 2928 3490 4255 4706 5308 5396 5780 5813 6657 6837 7000 7072 7873 8038 9395 9563 
19 70 321 448 1325 2581 3137 3169 3783 3849 4258 4511 4951 6728 7222 7276 7758 8497 8990 9682 
33 40 424 473 1114 1813 1849 1878 2154 2654 3033 3055 3132 3197 3941 4655 4721 5203 5269 5549 5663 5904 6042 6076 6208 6614 6730 6747 7330 8090 8198 8438 8555 8668 
23 127 817 975 2682 2857 3085 3304 3660 3726 4355 4529 4790 5190 5555 5648 7147 7251 7408 7427 7503 8243 8723 9828 
20 999 1064 1252 1797 2306 3633 4623 4870 5111 5692 6159 7260 7363 8148 8565 8819 8857 9061 9142 9887 
31 828 1272 1455 1525 1788 2082 3193 3373 3665 3763 3793 4300 4558 4686 4759 5404 5550 5749 5847 6314 7075 7284 8022 8470 8829 8840 8863 8887 8911 9000 9878 
28 490 539 875 887 1367 1627 1730 2071 2130 2293 2593 2707 3216 3731 4041 4167 4953 5157 5195 5289 5442 5716 5857 6403 6765 8639 9234 9681 
21 51 771 2122 2274 3156 3916 4055 4137 6022 6034 6435 6650 6831 7275 7362 7964 8025 8433 8531 8968 9468 
26 82 792 857 2329 2428 2447 2516 2866 3213 3404 3556 4677 4954 5218 5422 5707 6430 7718 7773 8218 8928 9025 9304 9520 9548 9693 
22 142 560 1280 1574 1625 1891 2118 2223 2243 2639 2810 3316 4074 4648 6065 6471 7784 7811 9203 9426 9454 9997 
25 545 577 638 925 1322 1792 2022 2086 3422 3743 4115 4757 5065 5200 6348 6761 7169 7208 7310 8391 8747 8918 9024 9531 9932 
23 57 725 853 1067 1777 2690 3367 3643 3931 3970 4048 4184 4293 4348 5002 5245 5321 6296 7590 7810 8068 8163 8195 
27 150 224 630 1521 1695 2191 2290 2503 2741 3298 3592 4524 4555 5821 5927 6423 6578 6861 7506 7974 8074 8375 8572 9407 9441 9493 9545 
22 537 1387 2445 2956 3072 3448 3836 4979 5074 5082 5614 5792 5947 6395 6562 7016 7076 7293 7888 8268 9328 9497 
21 124 172 1550 1568 1786 2648 2934 3122 3622 4670 4823 4891 5344 5798 5808 5980 7689 8246 9059 9716 9863 
23 45 1733 2171 2214 2405 3798 5048 5410 5668 5783 6263 6275 6419 6485 6543 7069 8043 8098 8303 8473 8784 8902 9939 
23 572 798 1133 1741 2231 2619 2871 4000 4478 5315 5430 5469 6475 6708 7496 7605 7644 7996 8146 8465 8638 9801 9829 
20 173 192 775 1712 1912 3412 3562 3733 3771 3778 3937 4427 5393 6297 6775 7396 7524 7849 8627 8729 
26 769 1538 1635 1672 1676 1950 2370 3000 3397 3478 3912 3938 4273 4901 6667 7002 7012 7173 7425 7650 8055 8188 9487 9558 9749 9973 
17 129 1187 1807 2175 2192 2746 3069 3133 3263 4031 4556 5098 5133 5238 5630 7486 7783 
37 409 472 612 1023 1040 1422 1564 3008 3098 3309 3727 3999 4079 4277 4458 4491 4633 4900 4903 5298 5746 6664 6678 6732 6754 6972 6974 7541 7708 7842 7955 8119 8318 8736 9125 9226 9796 
26 634 778 1305 1846 2444 2600 2908 3124 3707 4023 4086 4503 4676 4992 5392 5632 5725 5877 7287 7311 7473 7532 8006 8007 8625 9324 
32 69 400 556 972 1048 1371 1872 2384 2644 2784 3038 3067 3276 3328 3855 4402 4880 5142 5427 5567 5682 5702 6268 6615 7029 7518 8597 8914 9091 9257 9439 9619 
29 43 91 310 322 502 540 920 1400 1467 1855 1889 1920 2196 2636 2868 3674 4760 5162 5317 5385 6185 6531 6666 6778 8323 8527 9537 9699 9961 
28 89 912 1382 1772 2218 2301 3212 3315 3338 3455 3507 3570 3632 3753 4398 4468 4477 5149 6086 7421 7445 7621 7884 8048 8717 8995 9210 9820 
27 10 109 367 542 849 937 969 2388 3246 4252 4359 4832 5079 5699 6269 6397 6565 6704 7625 7729 7775 8360 8731 9489 9592 9662 9727 
20 521 1246 1653 2077 2830 3051 3171 3275 4464 4858 5426 6658 6819 7188 7652 7841 8056 8405 8604 8800 
21 200 426 710 754 1119 1279 2273 2995 3619 4172 4763 4766 5572 6220 6280 6368 6501 6944 7434 9416 9761 
24 451 625 951 1036 1628 1775 2043 2297 3357 4334 4551 4814 5553 7329 7633 7653 8161 8728 8773 9070 9172 9386 9485 9995 
27 50 586 759 772 962 979 1072 1459 1689 2080 2259 2315 2387 2488 2535 2997 4749 5165 6055 6237 6356 6927 7373 7919 8208 8664 9612 
24 909 1270 2235 2397 3119 3120 3125 3222 3509 4569 4651 4667 4860 5743 5996 6172 7128 7521 7685 8476 8833 9176 9245 9331 
26 135 347 1830 1850 1910 2462 2495 2715 2915 3049 3277 3936 4791 5101 5283 7108 7305 7332 7394 7559 7935 8771 9827 9835 9950 9996 
31 547 872 1078 1148 1480 1675 1724 1774 1949 2552 2734 2963 3597 3952 4033 4783 4852 4890 4920 5518 6633 6697 7308 7537 7647 7860 8109 8851 9079 9222 9698 
28 77 278 850 1350 1373 1905 2294 3417 3538 3960 4397 4988 5176 5571 5916 6170 6202 6341 7085 7132 7441 7583 7871 7893 7998 8351 8416 9037 
13 603 668 698 2493 4291 5183 5481 6324 6675 7387 7483 7613 9325 
29 187 230 407 533 590 1062 1099 1320 1530 1617 1865 3293 3387 4451 4496 5000 6028 6373 6529 6694 6812 6970 7194 7336 8096 8212 8879 9162 9839 
24 168 443 1047 1746 2052 2817 3075 3185 3311 3318 3565 3901 4016 4089 4923 5066 5930 7051 9008 9212 9233 9259 9327 9608 
26 1228 2000 2697 4647 5020 5299 5750 6355 6383 6404 6572 6729 6802 6957 7551 7586 7677 7710 8178 8577 8607 8716 8916 8980 9223 9811 
19 314 600 652 2216 2859 3437 3899 4107 4598 5296 5480 5665 5975 6221 6231 6382 7280 7417 9007 
20 500 742 2710 2816 2929 3851 3886 5766 5807 5814 5997 6121 7352 7465 7557 8010 8029 8151 8701 8834 
27 379 483 538 683 1312 2144 2360 2712 3015 3431 3516 3796 4331 4596 4962 5348 5465 5577 5672 5850 6261 6721 7636 7869 8466 8614 9017 
26 37 176 261 284 997 1288 1620 1762 1804 2185 2510 3227 3777 4164 4672 5052 5339 5609 6079 6807 6926 7717 7877 8410 8631 8903 
27 886 981 1403 1707 1995 2312 3932 3988 4541 4589 4895 4896 5313 6064 6295 6544 6570 6602 6628 6989 8754 8877 8983 9055 9405 9560 9635 
23 1503 1638 1944 2203 2287 2502 2662 2724 3340 3493 3792 3910 4060 4065 4679 5150 5538 5942 6053 6127 6165 7770 9496 
26 236 361 743 1283 1442 1460 1911 3224 3499 3956 4198 4526 5247 5543 5741 6310 7059 7137 7225 7459 8032 8345 8745 9028 9567 9600 
17 32 670 895 1990 2153 2400 3105 4240 4617 5104 5647 6004 6057 6921 7470 9448 9884 
16 449 593 805 2225 2326 3535 4021 5436 5461 5771 5811 6290 6498 6676 9301 9345 
27 345 360 679 784 992 1123 1479 1731 1960 2446 3063 3506 3659 5033 5242 5868 6820 7346 7612 7854 8035 8234 8472 8725 9124 9503 9632 
22 225 395 1386 1464 1853 2126 2511 2770 3028 3037 3725 3808 3885 4694 5018 5290 5595 6898 7171 8291 8312 8997 
25 2232 2459 3483 3486 3600 3973 4071 4226 4473 4502 4585 5310 5454 5468 6024 6066 6113 6184 7504 8422 9164 9390 9740 9794 9816 
38 33 55 116 317 470 676 728 1160 1233 1363 1487 1553 1569 2135 2930 3280 3621 3943 4499 4545 4716 4741 5281 6412 6780 7154 7697 7865 8232 8563 8623 8644 8676 8746 9215 9661 9922 9960 
27 365 614 808 1851 2067 2395 2708 3370 3764 3776 3977 5152 5357 5839 6198 6622 6660 7164 7616 7628 8486 8652 8805 8870 9379 9409 9790 
30 478 1765 2224 2750 2767 4459 5179 5341 5759 6074 6085 6267 6653 6717 6782 6846 6976 7060 7113 7403 7525 7564 7846 8172 8783 8934 8994 9156 9776 9888 
30 416 785 967 1009 1235 1435 1791 1817 2467 2969 3446 3779 4163 4329 4554 4625 4693 4933 5254 5257 5696 6097 6415 6626 7510 7946 8317 8658 9314 9557 
21 550 1193 1485 1806 1877 2342 2524 2646 3066 3589 4399 4415 5510 6200 6840 7290 7369 8008 8192 9299 9651 
27 355 658 3068 3649 3876 3900 4408 5246 5754 6259 6407 6434 6797 6849 6863 7035 7805 7848 7977 8016 8052 8263 8363 9058 9534 9559 9854 
24 305 687 1432 2190 2615 3183 3413 3520 3698 3908 4072 4581 5479 5831 6460 6961 7139 8088 8453 8649 9121 9206 9374 9626 
24 136 175 779 789 1022 1059 2093 3498 3567 4921 5123 5544 5966 6131 6292 6318 7463 8057 8516 8637 8830 9065 9260 9783 
21 399 477 953 1661 1869 1895 1940 2227 2479 2496 3532 3928 5255 5536 5834 5914 5923 8221 8843 8882 9875 
27 1292 1470 2151 2472 2616 2807 3386 3896 4117 4148 4243 4557 4780 5517 5589 5723 5939 6186 6364 6564 6880 7210 7542 8645 8740 9006 9851 
31 83 316 991 1136 1556 1824 1868 2003 2006 2505 2854 3073 3288 3445 3757 4445 4461 4492 4980 5093 5130 6508 6608 6900 7301 7479 8415 8599 9186 9684 9695 
25 566 2689 2961 3005 3638 3789 3831 4003 4305 4395 4786 5490 5623 6255 6352 6611 6720 6787 6844 7342 7864 8519 8737 9351 9440 
23 1142 1483 2262 2275 3242 3833 4320 4550 5058 5156 5401 6013 6288 7181 7244 7904 7933 7936 8864 9150 9615 9741 9824 
25 1334 2033 2048 2723 2804 2926 2949 3056 4159 4306 4991 5300 5826 6370 6725 6960 7233 7736 7883 8153 8630 8718 9078 9450 9951 
29 11 79 165 442 907 1355 1757 2477 2818 3110 3438 3465 3927 4075 4494 4535 5135 5250 5799 6201 7020 7246 7356 7939 8569 8926 9178 9248 9419 
21 39 268 848 1144 1299 2279 2946 3630 3966 4455 4611 4754 4813 4930 6089 6396 6492 8322 8589 9276 9516 
27 78 193 847 990 1238 1424 2034 2156 2869 2885 3186 3405 3492 6693 6925 7019 7187 7500 7536 7716 8452 8748 8993 9384 9717 9774 9981 
