1 232 453 577 784 943 1005 1013 1375 1438 1604 2540 2693 3104 3627 3830 4394 4881 5609 5721 6113 6133 6271 6302 6939 7250 7415 7448 7503 8131 8287 8540 8649 8777 8869 9065 9572 
2 20 255 263 961 1080 1828 2200 2340 3034 3115 3436 3506 4039 5028 5175 6352 6749 7182 7372 7549 8125 8555 8712 9021 9219 9816 9900 9924 9965 
3 31 276 506 534 1781 2123 2138 2602 3772 4715 5019 5347 5372 5809 6054 6527 6970 7919 8025 8505 9128 9151 9241 9314 9480 9623 9759 9890 
4 381 699 1069 1195 1435 1452 1613 1829 1982 2556 2724 3206 3386 3446 3807 4115 4207 4342 4544 4753 5663 6020 6653 7229 7754 7846 7850 8588 8835 9006 9534 9655 
5 75 188 892 1130 1291 1977 1992 2104 2179 2687 3283 3456 3857 4177 4971 5247 5248 5727 5876 5940 6400 6406 6523 6603 7024 7345 8001 8021 8269 8550 8872 9253 9845 
6 18 35 143 323 476 1381 2121 2312 2420 2632 3153 3766 3944 4108 4128 4749 6037 6639 6697 7059 7127 7228 7253 7443 7602 8200 8440 8923 9083 9266 9926 
7 390 486 528 1058 1228 1324 1648 1756 2542 2686 2751 3267 3498 3789 4468 4529 4551 4775 5025 5515 6038 6372 7599 9084 9243 9619 9656 
8 1557 1589 1640 2626 2715 2893 3521 3708 3840 3891 4585 5107 5152 5188 5271 5553 5675 5782 6344 6354 7064 7833 8390 9254 9284 9456 9831 9959 
9 189 1174 1385 1869 1935 2933 3113 3215 3720 4147 4873 4963 5261 5593 5889 5924 7160 7215 7696 7739 8434 8461 8921 9022 9906 
10 102 498 1634 1921 2399 2805 2930 3086 3213 3306 3313 3721 3782 4064 4150 4326 4689 5181 5744 6341 6426 7113 7421 7619 7733 7892 8073 8153 8879 9472 9804 
11 176 475 488 549 804 1264 1821 2211 2212 2513 2596 2667 2845 4469 4744 4979 5079 5174 5761 5904 5935 6092 7317 7747 8074 8098 8198 9334 
12 19 151 1331 1563 1757 1874 2532 2725 2828 2941 2986 3485 3500 3981 4135 4172 4405 4570 4703 5069 6056 6469 6666 7233 7553 7561 7770 7874 7903 8046 8529 8693 9369 9687 
13 754 1162 1972 2660 3097 3165 3225 3254 3515 3590 3867 3904 4745 4866 5428 5687 5691 6489 7920 8281 8397 8575 9164 9205 
14 21 168 310 796 1043 1323 1462 1546 2062 2283 2463 2577 2894 3272 3628 3969 4270 4569 5346 5697 5738 6457 6816 6864 6956 7111 7605 7693 7876 9335 9849 
15 15 153 639 844 853 1075 1188 1511 2208 2440 4222 5043 5756 6114 6521 6771 7489 7756 8405 8970 9356 9834 
16 265 1802 1818 2113 2292 2541 2892 3212 3403 3652 3885 4202 4233 4700 4882 4951 5150 5814 6781 7242 7301 7709 7976 8071 8111 8371 8399 8601 8936 9116 9406 9621 9956 
17 104 768 1020 1701 1712 2109 2345 2695 2775 2929 3539 3615 3907 4523 4647 4921 5357 6182 6217 6532 6597 6695 6703 6973 7106 7570 9036 9562 9726 9761 
18 718 1508 2375 2605 3186 3940 4137 4184 4477 4840 5323 5394 5534 5766 6327 6545 7361 7386 7511 8133 8506 8926 9255 9851 
19 208 321 436 592 662 663 851 908 994 1064 1170 1393 1897 2470 2571 3248 3991 4434 4595 4975 5717 5800 5833 5870 6430 6487 6500 7021 7264 7406 7868 7910 8015 8311 8621 8803 9111 9189 9710 9826 
20 113 674 1282 2141 2690 2842 4384 4596 5684 6059 6583 7112 7568 7683 7762 7967 8061 8469 8629 8914 9557 9861 
21 173 249 305 613 858 1193 1328 1971 1975 2150 4280 4511 4630 4738 5282 5411 6238 6318 6420 6516 6594 7699 7870 7947 8146 8971 9535 9714 9855 9935 
22 140 1037 1154 1225 1366 1856 2022 2689 2858 3121 3207 3331 3496 5390 7396 7523 7595 7668 7864 8688 9257 9333 9574 9592 9848 
23 245 570 1081 1797 1909 2056 2466 2511 2565 2651 3941 4292 5317 5436 5586 5637 5772 7032 8665 9067 9200 9207 9394 9610 9745 9950 
24 462 904 1091 1316 2612 2762 2924 3513 3582 3779 4014 4167 4303 4349 4401 4876 5178 5456 5545 5937 5939 5998 6249 6298 6433 6687 7377 7409 7626 7950 8657 8761 8797 8930 9018 9904 
25 1160 1889 2503 2838 3326 3758 4085 4109 4133 5005 5354 6011 6456 6586 6650 7048 7089 7218 7290 7435 7465 7653 7849 8232 8828 9066 9547 9973 
26 426 692 1189 1979 2174 2797 2869 2905 3544 3987 4248 4686 5447 6105 6187 6662 6861 6867 6879 8168 9055 9244 9788 9800 
27 253 346 1577 2707 3291 3826 4293 5596 6021 6101 6481 7645 8004 8005 8630 8703 9522 9692 9842 9998 
28 83 252 854 1481 2069 2170 2207 2291 2393 2958 3503 3609 3670 3871 3913 4355 4457 4590 5233 5683 6065 6172 6661 6769 7102 7174 7705 7954 8081 8530 8536 8705 9749 
29 527 602 697 953 1272 1655 2013 2367 2456 4540 4664 4804 5249 5303 5467 5754 5907 6518 6755 7142 7152 7550 7607 7767 8308 8670 9100 9300 9608 
30 93 130 137 982 1103 1207 1974 2376 2649 3813 3968 4996 5650 5667 6102 7226 7530 8029 8309 8480 9294 9323 9531 9578 
31 599 930 1140 1636 1778 2264 2490 2523 3137 3562 4066 4176 5487 5600 5775 5798 5823 5867 5987 6024 6423 7318 8085 8790 9120 9311 
32 156 413 629 1138 1566 1767 1852 2361 3046 3552 3660 3781 4311 4512 4721 5157 5253 5286 5934 8107 8189 8463 8527 8542 8706 9344 9353 9393 9434 9453 9509 9919 
33 212 280 349 392 1450 2491 3209 3404 3531 3754 3831 3902 4171 4294 5085 5365 6107 6167 6296 6404 6881 7222 7650 7916 8056 8110 8503 8932 9139 9822 9837 
34 23 759 1179 1190 1719 1803 2527 2551 3103 3466 3737 3948 4693 5948 6088 6093 6272 6684 6734 6796 6810 6836 7042 7504 7593 7813 8525 8758 9087 9833 9934 
35 922 1376 1639 3742 5289 5301 5551 5571 5828 5830 6110 6270 7049 7731 8333 8724 9163 9815 
36 624 681 901 1089 1645 2225 2614 4486 4584 4871 5041 6337 7314 8173 8222 8389 8500 8590 8627 9234 9583 
37 359 422 1461 1476 1565 1677 1820 1853 3972 4351 4377 4568 5047 5466 5878 7402 7632 7820 7922 8052 8224 8757 9256 9285 9942 9944 
38 49 521 732 852 1344 1641 1945 1996 2059 2148 3379 3855 4214 4296 4708 4987 5232 5358 5626 5644 5752 5942 6078 6236 6627 6719 6929 7313 7451 8692 9094 9329 9367 9556 
39 44 431 591 1273 1772 3156 3167 3702 4007 4012 4385 5108 5480 7108 7497 7799 8182 9213 9251 9400 
40 63 197 336 395 535 616 701 1255 2119 2355 2397 2504 2644 2896 3374 4112 5393 6437 6690 7453 7490 7670 8813 9223 9292 9667 9982 
41 53 247 504 578 740 1244 1548 2187 2351 2458 2776 3078 3091 3958 4094 4368 4836 5099 5300 5319 5345 6083 6144 6255 6894 7035 7334 7621 8320 8428 8676 8854 9059 9280 9383 9671 9704 
42 141 442 1306 1539 1969 2135 2317 2708 2781 2811 3033 3486 3494 3971 4195 4989 5209 5903 5941 7180 7268 8194 8607 8873 9109 9776 
43 36 608 808 1155 1237 2750 3811 4072 4185 4591 4748 4764 5044 5963 6032 6082 6752 7658 7704 7843 8329 8409 8539 9003 9598 
44 287 389 495 559 1092 1200 1447 1813 2428 3152 3303 3677 4024 4275 4352 4747 5014 6308 6902 6937 7783 7863 7942 7986 8079 8961 9221 9230 9283 9812 
45 279 524 555 937 1044 1113 1152 1277 1920 2100 3044 3345 3497 3870 4194 4845 5495 5607 5765 5968 6892 6928 7360 7917 8586 8694 8822 9020 9025 9740 9928 
46 121 217 487 1087 1176 1377 1587 1764 2298 2558 3049 3221 3877 4058 4442 4661 5257 5463 5541 5685 5769 6440 7232 7305 7515 7558 7855 8088 8668 8677 8717 
47 1 238 651 715 1024 1167 1310 1457 2076 2166 2641 2934 3200 3910 4430 4502 4571 4666 5312 5572 5712 5745 6493 6856 7269 7735 7904 8023 8722 8737 8759 8938 9177 9237 9512 9570 9878 
48 9 274 296 328 342 1260 1371 1454 1888 2145 2579 2652 2657 3493 4451 4972 5050 5295 5481 5676 6009 7276 7391 7584 7877 8183 8939 9262 9412 9599 
49 91 318 493 889 1049 1141 1838 3048 3053 3598 3744 4741 5097 5656 5659 5915 6728 6982 7000 7527 7700 7835 7912 9121 9341 9347 9712 
50 171 198 205 429 1301 1441 2263 2338 2422 2702 2885 3006 3625 4095 4107 4273 4620 4942 5109 5421 6145 6205 7116 7130 7217 7381 7858 7949 8144 8518 8701 
51 225 1102 1643 1744 1790 1876 1919 2096 2965 3036 3299 3595 3682 4678 4910 5198 5400 5405 5929 5950 6689 6804 6948 7140 7393 8279 8436 8471 9115 9387 9428 9490 9912 9948 
52 447 458 773 2180 2221 2774 2897 3407 3572 3722 4022 4359 4413 4418 4600 4986 5104 5291 5894 6123 6604 6832 6942 7462 7717 7753 8350 8526 8663 8785 8787 9215 9554 9827 
53 999 1963 2288 2818 3801 3950 4603 4849 4905 5113 5399 5673 5816 6061 6394 6688 6750 7491 8853 9860 
54 531 758 913 1156 1449 2023 3219 3288 3700 4717 4846 4982 5063 5276 5401 5652 6438 8348 8929 9154 
55 756 787 902 1120 3035 3087 3678 4153 4263 4781 5220 5311 5584 5784 5917 6482 6608 6757 7014 7239 7246 7848 8374 8474 8495 8793 9447 9923 
56 320 633 896 997 1440 1833 1907 2017 2108 2115 2574 3612 3649 5343 5514 5750 6197 7431 7666 7794 7812 7884 8028 8165 8413 8843 8988 9053 9748 
57 1947 2092 2107 2350 2382 2506 2710 2920 3236 3332 3624 3864 4079 4439 4737 4934 5008 6168 6171 6399 6443 7609 7669 8451 8484 8488 8836 8935 9873 
58 782 1370 2528 3038 3233 3276 3312 4131 4773 4893 5925 6126 7230 7254 7655 7719 7746 8356 8959 9897 
59 37 45 105 126 169 340 710 1035 1519 1551 2273 2760 3478 3480 3577 3824 4089 4578 4636 4710 5132 5201 5322 5564 5711 5913 6609 7124 7211 8018 8482 9110 9212 9274 9476 9485 9648 9983 
60 722 726 1038 2094 2371 2786 3042 3886 3928 4310 4325 4337 4534 4604 4819 5554 5582 5604 5740 7078 7737 7808 8062 9378 9491 9777 9893 
61 529 1216 1946 2083 2271 2559 3325 3394 3425 3501 3894 5126 5517 5888 6212 6381 6424 7098 7330 7825 7880 8218 8427 8465 8745 8902 9267 9324 
62 116 1411 1590 1748 1958 2457 2619 2794 3601 4396 5762 6178 6312 6334 6953 7061 7702 8207 8585 9231 9466 9988 
63 648 680 873 1016 1884 3159 3462 3706 3951 4634 4759 5058 5167 5710 5982 6714 6880 7017 7425 7499 7554 7895 8027 8599 9052 9150 9571 9679 9968 
64 337 709 984 1602 2366 2635 2988 3465 3710 3726 3763 3849 3900 4397 4613 5266 5516 5569 5581 6075 6724 7063 8053 8412 8454 8490 8908 9452 
65 110 1360 1834 1850 2493 3007 3140 3851 4564 4614 4713 6826 6922 8166 8952 9713 9943 9974 
66 138 749 863 1000 1287 1605 1911 2332 2560 2919 3016 3100 3227 3385 4063 4940 5072 5184 5314 5842 6174 6370 6817 6882 7403 7405 8070 9750 9817 9820 9910 
67 117 428 439 503 939 1027 1118 1628 1692 1925 2074 5603 5633 5822 6025 6237 6391 7008 7633 7723 8248 8298 8756 9685 9931 
68 55 285 450 491 520 548 1656 2534 2625 2875 2980 3022 3698 3711 3714 4278 4621 4735 5065 5206 7144 7707 8043 8597 8832 8877 9051 9081 9186 9343 9705 9738 
69 1191 1702 2050 2091 2129 2146 2228 2483 2809 3122 3414 3765 3838 4660 5278 6072 7387 8270 8442 8444 8596 8865 9008 9430 9464 9537 
70 48 183 218 675 767 891 1842 2102 2194 2305 2365 2788 3659 3903 4069 4389 4459 5590 5746 5836 6944 7440 7573 7766 8211 8342 8669 8751 8841 9034 9077 9559 9663 
71 385 650 1139 1611 2522 3057 3362 3875 4679 5164 5804 5844 5881 6286 6323 6342 6715 6868 9742 
72 331 684 912 1107 2680 3147 4106 4519 4860 5370 5513 6012 6085 6154 6572 6602 6640 8175 8242 8608 8783 9165 9330 
73 129 593 2181 3032 3234 3707 3873 4619 4643 4658 4878 4908 5003 5473 6233 6450 6507 6622 6637 6847 8154 8276 8379 8459 8874 9811 
74 1106 1729 2413 3217 3545 4051 4126 4669 4930 4935 4991 5144 5385 5681 5731 6053 6235 6531 6702 6823 6876 7225 9240 9495 
75 246 282 343 516 834 905 967 973 1606 1769 1780 2360 2777 2825 3514 3983 4393 4994 5148 5224 5693 6165 6766 6969 7070 7296 7485 8017 8208 8293 8738 8855 8949 9708 9994 
76 42 149 1119 1555 1792 1795 1808 1891 1895 2089 2176 2436 2497 2562 3204 3416 4316 4589 5101 5472 5791 6090 6195 6539 6625 7329 7437 8429 8464 8554 8779 8884 9091 9417 9565 9930 
77 1171 1465 2169 3194 3623 3965 3978 4026 4121 4561 4810 4922 5080 5549 5629 5729 5864 6080 6649 6803 6957 7122 7860 7958 8235 8868 8994 9373 9763 
78 120 725 1117 1771 1773 1863 1956 2544 2643 2730 3324 4731 4800 5757 5874 6577 6667 7050 7096 7959 7987 8381 8782 8784 8844 9170 9321 9885 
79 22 165 472 546 2087 2249 2318 2508 2824 3074 3640 3774 4404 4475 5241 5262 5856 5971 6959 7193 7238 7921 8179 8254 8383 8476 8515 9009 9183 9731 9880 
80 292 677 753 1186 1731 1741 2343 2761 2803 3130 3998 3999 4163 4805 5086 5960 6064 6367 6584 6679 7044 7384 7973 8119 8569 9068 9161 9734 
81 399 561 819 932 1032 1325 1384 1849 1870 1885 2969 3068 3228 3286 3341 3970 4445 4464 4598 4833 5038 5136 5275 5957 6589 6911 7086 7324 7483 8069 8318 8720 8729 8746 9137 9673 
82 219 355 410 445 888 1222 1304 1400 2390 2461 3040 3043 3342 3538 3939 4042 4547 4549 4638 4889 5036 5329 5861 6573 7171 7394 7611 8014 9089 
83 158 291 594 1133 1280 1683 2245 2321 2961 3216 3511 3635 4001 4484 4497 4865 5012 5325 5333 5488 5563 5594 5680 6150 6951 7943 8291 9652 9895 
84 1372 1507 1618 1934 2322 2406 3483 4526 4567 5377 5382 5996 6418 6753 7148 7708 7742 7934 8196 8685 8983 9171 
85 175 409 914 950 1614 1912 2026 2197 2405 2617 2785 2878 3681 3691 4144 4449 4667 5379 5443 6300 7200 8370 8889 9269 9436 9501 
86 574 659 1104 2296 2486 2535 2747 3030 3542 3793 4198 5180 5484 5860 6455 6615 6900 6909 7780 8439 8907 9180 9515 9718 
87 79 394 660 870 944 1518 1944 2347 2881 2981 3850 3890 4879 5000 5091 5424 5706 5910 6077 6383 6562 6701 6788 6885 6988 7026 7146 7210 7336 7953 8051 8177 8603 8633 9409 9543 
88 401 690 1303 1491 1612 2492 2597 2733 2926 3715 4212 4247 4861 4973 5081 5219 5403 5755 6029 6066 6108 6155 6164 6191 6628 6765 7927 7974 8521 9030 9377 
89 127 339 816 1241 1493 1787 2134 2655 2772 2921 3070 3509 3510 4376 4637 4770 4953 4966 5015 5084 5452 5853 6127 6607 6778 6989 7173 7328 8749 8771 9676 
90 29 164 227 240 610 688 735 897 924 1714 2152 2202 2553 2600 3769 4318 4593 4608 4961 5006 5117 5211 5213 5677 5938 5986 7510 7638 7807 7989 8160 8715 8997 9360 9668 
91 46 500 724 731 986 1298 1307 1396 1807 1896 1955 2051 2063 2220 2672 3391 4104 4407 4751 5100 5397 5851 6339 6738 7046 7207 7456 7710 7740 7882 8137 8167 8240 8295 8382 8604 8875 9145 9468 9658 9782 
92 377 1109 1125 1157 1182 1299 1341 1626 2618 2674 2984 3464 3482 3724 3829 4092 4139 4226 4824 4977 5168 5843 6672 7002 7095 7147 7671 7776 7830 7962 7966 8159 8860 8904 9717 
93 201 1052 1202 2149 2681 3120 3571 3639 4048 4847 4872 5115 5449 6149 6203 6264 7185 7543 7657 7695 7818 8048 8105 8199 8347 8622 9660 
94 243 272 444 563 862 971 1317 1329 1774 2178 2613 2907 2943 3085 4356 4712 4906 4943 4955 5225 5951 6023 6446 6592 6721 7642 8095 8176 8306 8460 9431 9613 
95 1931 2154 2346 2421 2451 2779 3260 3437 3728 4160 4329 4516 4956 5138 5143 5560 5643 6136 6671 6785 6899 7525 7684 8090 8274 8359 8774 8913 9391 9969 
96 144 841 942 2281 2931 3062 3881 4309 4794 5491 5734 6333 6543 7040 7538 7583 7685 9270 
97 388 557 786 823 2304 2348 2555 3118 3180 3420 4716 5714 5720 5873 6244 6374 6741 6797 6869 7068 7487 7586 7596 7598 7834 9011 9415 9519 9591 9661 9918 9921 
98 348 1180 1322 1547 1681 1728 2688 2770 2864 4896 5955 6158 6301 6448 6657 6726 7243 7433 7988 8284 8755 8849 9444 9596 
99 502 590 771 970 1095 2224 2545 2634 2765 3477 3725 4018 4068 4509 4769 4771 5552 5794 6304 7065 7271 7741 7838 7939 8323 8778 9558 9733 
100 1197 1278 1534 3554 3697 4239 4277 4607 5106 5154 6189 7408 7422 8169 8190 8658 9019 9625 9836 
101 728 872 2132 2233 2833 2923 3817 3866 3938 4341 4447 4859 5931 6043 6365 6387 6498 6658 6693 8332 8547 8679 9375 9473 9634 9829 
102 511 763 887 929 1131 1406 1689 1866 1923 2140 2763 2771 3026 3092 3401 4490 4653 5073 5313 5469 5493 5654 5826 6151 6251 6494 6946 7190 7901 8116 8325 8765 9459 
103 357 365 418 1312 1762 2058 2959 3808 4003 4103 4290 4874 5119 5355 5485 6325 6643 7769 7894 9499 
104 177 926 1437 1697 2916 3021 3450 4148 4367 4577 4774 5067 5267 5302 5672 6106 6395 7517 7788 7984 8067 8456 8960 9626 
105 131 228 370 886 962 1096 1233 1675 2452 2694 2716 3072 3518 3784 3791 4240 4417 4726 5002 6055 6185 6421 6814 6866 7412 7738 8109 8708 8711 8851 8880 9042 9176 9384 9482 
106 1086 1151 1387 2196 2554 2607 3412 3846 3962 5273 5520 5865 7450 8238 8266 8598 9410 9457 
107 47 824 952 1002 1561 1777 1816 1845 1968 2204 2616 3202 3229 3473 3918 5027 5171 5245 5371 5507 5678 5880 6027 6169 6647 6862 7019 7075 7080 7091 7261 7279 7821 8544 8579 8955 9433 9435 9532 9630 9925 
108 25 84 289 293 327 1401 1444 1520 1718 2041 3316 3476 4027 4415 4506 4780 4983 5366 5743 6120 6419 6611 6659 6767 7058 7223 7275 7484 7672 8976 9038 9869 
109 415 631 706 1315 1347 1383 1572 1940 1981 2673 2783 2847 3125 3452 4424 4827 5083 5173 5258 6095 6473 7273 7284 7350 7792 8142 8802 8837 8883 8896 
110 384 470 1210 2658 3010 3358 4062 5427 5577 6162 6340 6875 7057 7177 7341 7419 7869 8136 8446 8501 8615 8781 8984 9074 9560 9696 9744 
111 115 184 382 391 719 733 814 855 1046 1142 1392 1868 2957 3400 3751 3788 4333 4740 4806 4823 4952 5378 5438 5808 6789 7006 7911 8245 8301 9513 
112 28 866 1353 2640 3160 3252 3505 3905 3976 4110 4217 5886 5919 6047 6128 6546 6987 7536 7589 8040 8057 8324 9597 
113 484 1622 2353 2736 2782 3024 3666 3798 4281 4360 4772 4888 5145 5166 5170 5369 5444 5568 5887 6175 6442 6717 6887 7992 8566 8617 8794 9010 9123 9380 9540 9724 
114 1904 2155 2302 2320 2430 2645 2734 2806 3083 3139 3579 3597 3912 3954 4138 4200 4260 4289 4312 5392 5510 5916 5943 6049 6840 6947 7028 7351 7913 8437 8509 8716 8730 9646 9653 9877 
115 68 95 424 760 881 1065 1121 1653 2061 2373 2432 2891 2993 3317 3795 4054 4692 4857 5185 5759 5857 5862 6571 6678 6681 8775 8905 9229 9604 
116 34 584 909 1057 1100 1253 1418 1600 2300 3369 3444 3673 3803 4123 4419 4850 4964 4976 5022 5661 5872 5978 6015 6118 6282 6668 6806 7213 7216 7604 7969 8127 8364 8577 8691 8786 8827 9069 9308 
117 145 405 654 911 941 1108 1339 1495 2533 2793 3151 3413 3583 3880 3927 4612 5236 5771 6079 6188 6439 6453 6656 6931 7237 7349 7364 8170 8770 9086 9173 9478 9681 9703 
118 463 489 581 1146 1434 1941 2341 2356 2703 2837 2872 4299 4530 4883 4978 5819 5961 6540 6541 7166 7191 7687 8396 8546 8552 8735 8742 9461 9462 
119 0 54 242 807 1592 1621 1848 1928 2007 2229 2268 2396 3771 3979 4004 4481 4829 4851 5287 5628 6995 8063 8595 9172 9301 9426 9863 
120 74 108 781 1471 1585 1754 1801 2215 2499 2741 3067 4466 4793 4798 5610 5883 6248 6289 6402 6466 6855 8122 8638 8697 8741 9097 9194 
121 161 234 696 955 1072 1098 1483 2024 2060 2240 2947 3592 3674 3718 3809 3956 4082 4211 4366 4392 4458 4939 5730 5768 6170 6768 6833 7163 7720 8838 9118 9281 9876 
122 199 607 652 676 1637 2203 2214 2329 2573 2873 3322 3888 3986 4252 4736 5631 6099 6581 7195 7447 7714 7941 8524 8538 8592 8672 8776 9062 9072 9783 
123 136 959 1017 1153 1292 1442 2131 2265 3015 3071 3406 3752 4373 4675 4970 5376 6476 6561 6898 6955 7661 7692 7724 7836 8104 8244 8283 8423 9033 9142 9204 9529 9922 9938 
124 714 1006 1026 1042 1231 1424 1580 2222 2656 2836 3171 3433 3603 3922 4090 4274 5009 5075 5133 5360 5542 5926 5952 6230 6779 6963 7087 7286 7358 8406 8942 9296 9413 
125 1062 1464 1502 1794 1878 2546 2669 2840 2882 3181 4013 4421 4755 5001 5976 6026 6042 6258 6291 6397 7143 7518 8636 8917 8944 9023 9702 
126 344 612 978 1274 1345 2517 2843 2866 3017 3323 3376 3381 3575 3889 4181 4190 4565 4627 4641 4813 4938 5726 6396 6878 6924 7592 8092 8457 9439 9698 9970 
127 162 480 1012 1631 1657 2902 3246 3355 3810 5103 5251 5972 6612 7990 8006 8065 8152 8411 8651 8681 8768 9101 9451 9689 
128 332 335 352 900 1050 1676 2049 2205 3211 3957 4426 4428 4429 4701 4969 5146 5531 5692 6411 7306 7944 8089 8143 
129 290 1093 1486 2325 3311 3443 3548 3654 3953 4302 4683 5297 5524 5574 6097 6269 6696 7079 7110 7205 8253 8432 8453 8498 8512 8534 8839 9104 9157 9609 9916 
130 211 443 868 1149 1356 2031 2512 2529 2646 2767 2884 3005 3354 3512 4588 4830 5077 5337 5508 6094 6121 6486 8080 8123 8233 9594 9688 
131 778 1147 1232 1429 2027 2044 2079 3188 3244 3559 4006 4258 4649 5066 5420 5884 5890 6224 6409 6593 6983 7015 7282 7307 7513 7559 8002 8812 9181 
132 393 558 895 1041 2057 2098 2116 2623 3333 3371 3522 4288 4463 5468 5696 5797 5803 6692 6709 6754 6932 7016 7283 9606 9614 9868 9891 9966 
133 625 874 989 1588 1627 1666 2127 2659 2936 3363 3402 3561 3686 3825 4681 4709 4895 5699 6163 6417 7107 8130 8710 8863 8890 8957 9061 9716 9785 9914 
134 256 284 1099 1168 1297 2468 3432 5031 5882 6173 6335 7038 7540 7690 7748 7924 8319 8445 9043 9581 9856 
135 114 1679 1862 2269 2306 2906 3664 4438 4967 5223 5583 5642 5785 6041 6792 6986 7577 7975 8202 8227 8647 8947 9015 9064 9650 9781 9790 
136 366 525 1143 1209 1369 1544 1654 1687 1906 2293 2820 2908 3335 3463 3748 4610 4733 5049 5966 6138 6159 6293 6780 6809 6849 7308 7446 7548 7945 8343 9492 9995 
137 76 300 1223 1466 1704 1752 2012 2326 2711 3328 3699 3729 3883 3911 4237 5122 5242 6528 6783 6954 7395 7926 8195 8426 8448 9026 9179 9440 9961 
138 837 920 979 1010 1082 1254 1446 1690 2309 2447 2714 3029 3382 3504 3780 4791 5199 5967 6389 6751 6759 6877 7184 7368 7458 7566 7929 8522 8792 8846 9040 9138 9289 9303 9407 
139 186 313 755 923 1295 1625 2246 3375 3930 4707 4788 5102 5535 5776 6035 6160 6414 6731 6736 7303 8769 9469 
140 330 457 668 764 991 1165 1236 1530 1668 1976 2261 2886 3077 3208 3232 3690 3926 3937 4335 4437 4767 4786 5141 5380 5548 5578 5608 6429 7029 7311 7521 7888 7946 7997 9099 9368 9401 9649 9715 9824 
141 421 847 1857 1950 3182 3287 3543 3546 3929 4132 5056 5238 5252 5690 6606 6776 6822 7434 7615 7640 7909 8502 8750 9446 9525 9802 9911 
142 203 712 762 832 1798 1900 2048 2295 2358 3533 3653 4075 4127 5208 5296 6858 6906 7502 7727 7774 7898 8392 
143 622 738 1040 1184 1388 2445 2756 3279 3747 3816 4008 4043 4061 4105 4122 4304 4399 4541 4553 4917 5030 5147 5636 6060 6416 6618 7501 9977 
144 958 1238 1474 1686 2439 3223 3578 3856 4877 4962 6040 7227 7376 7473 8128 8191 8666 8698 8816 8975 9024 9312 9366 9460 
145 1076 1423 1768 1784 2279 3011 3292 3835 4186 4379 5359 5556 5635 5728 5818 5988 6076 6190 6509 6619 7292 7760 8032 8435 8950 9288 9526 9664 
146 420 836 988 1716 1815 2250 3058 3558 3797 4187 4790 4946 5499 5614 6247 6465 6525 7036 7134 7389 7533 8180 8972 8978 9017 9037 9047 9049 9143 9359 9517 9796 
147 10 371 717 869 1124 1644 2415 3094 3570 4087 4626 4954 5490 6183 6655 6746 7012 7192 7582 7996 8049 8800 9879 
148 2025 3055 3163 3174 3261 3600 4036 4060 4535 4902 5098 5406 5682 5932 7288 7410 7871 7889 8727 8891 9268 9580 9775 
149 250 840 864 1177 1403 1477 1535 2289 2844 2888 3052 3645 3865 4440 4587 4854 5831 5933 6432 6464 6918 7346 7654 7839 7886 9875 9936 
150 148 479 1352 1560 1954 2016 2209 3349 4691 5783 7100 7380 7388 7445 7574 8236 8852 9192 9196 9754 9819 
151 192 283 341 876 1145 1404 1463 1661 1908 2009 2199 2999 3265 3426 4023 4100 4671 4706 5316 5821 5824 7123 7135 8039 8430 8594 9238 9248 9618 9882 
152 351 678 933 1014 1750 1861 2072 2164 3134 3305 3357 3440 3474 3837 4361 4453 5254 5431 5528 5895 6208 6390 6575 6791 6965 6967 7183 7464 7622 7673 7736 8563 9153 
153 160 821 822 1004 1320 3081 3242 3263 3557 3812 3964 4307 4381 4799 5342 5911 6142 6310 6468 6549 6585 6624 6708 8181 9320 9503 9647 
154 61 312 407 414 1009 1218 1505 1506 3047 3170 3241 4229 4375 4532 4680 6098 7498 7603 7817 7832 7923 7936 8036 8317 8326 8903 9616 9909 9991 
155 103 181 187 657 776 925 1079 1203 1319 1489 1830 2586 3383 3792 3908 3961 4388 4611 4659 5165 5268 5344 6048 6122 6349 6452 6727 6968 6998 7240 7287 7488 8367 9979 
156 780 934 1492 1725 1796 1943 2042 3187 3309 3861 4000 4038 4081 4629 5671 5792 6445 6471 7154 7272 7689 7928 7930 8475 9915 
157 182 281 404 432 600 809 1205 1809 2055 2939 3037 3776 3862 5544 6194 6218 6914 7071 7875 8016 8650 9854 
158 354 666 1217 1426 1522 2201 2262 2311 2849 2968 3384 3591 4134 5299 5662 6022 6184 7460 7588 8272 8400 8417 8856 9381 9575 9659 
159 1738 2743 2995 3367 3672 3764 3821 3943 4223 4315 5161 5901 6952 7266 7357 7457 8000 8156 8654 8719 9132 9421 
160 12 497 1983 1998 3098 3150 3226 3340 3350 3783 3802 3833 3874 4254 4550 4580 4676 4853 4856 5055 5131 5645 5840 5992 6111 6140 6209 6595 6600 7031 7293 7366 7397 7494 7495 8102 9247 9786 
161 356 642 1398 1858 1986 2386 2409 3129 3143 3487 4271 4507 4787 5441 5502 5575 5640 5660 5906 6893 6966 7198 7528 7616 7859 7887 8139 8548 8591 8981 9000 9445 9506 9721 9747 9997 
162 307 456 606 1811 1961 2416 2572 2653 2654 2975 3274 3417 4221 4253 4555 4711 4725 4837 5057 5292 5429 5748 5829 7161 7181 7295 7353 8077 8876 8888 9058 9260 9336 9672 
163 100 454 742 1408 1468 1951 2019 2464 2525 2592 3344 3931 4287 4503 4548 5176 5630 5735 5764 6176 6623 6805 7187 7235 7646 7866 7893 8562 9263 9789 9821 
164 1068 1571 1989 2301 2598 2661 2683 2970 3339 3423 3568 3605 4597 5060 5526 5624 6081 7131 7556 9252 9307 9454 9814 
165 367 627 752 1485 1960 2378 2384 2423 2494 2650 3337 3898 3949 4762 5361 5374 5848 6273 6470 6484 6565 6984 7165 7278 7343 7629 7879 8037 8124 8982 9001 9271 
166 233 1338 1391 1616 2563 2913 3297 4159 4822 5999 6166 6905 7020 7429 7779 8101 8286 8739 8895 9528 
167 375 383 465 797 1451 2531 2582 2758 3066 3189 3734 3775 3878 4479 5096 5489 5918 6908 7203 7506 8358 9259 
168 1021 1073 1134 1355 2290 2590 2925 4053 4262 4617 5042 5121 6046 6683 6843 7417 8140 8707 8964 9319 
169 369 803 1293 1733 1775 1825 1859 2011 2389 2890 3532 3705 4228 4855 4891 5611 5668 6005 6542 6710 7809 8337 8610 8733 9382 9615 
170 317 850 1632 2101 2963 3008 3220 4461 4579 4757 5243 5539 5559 5632 6263 6552 6758 7118 8268 8963 9448 9642 9735 9945 
171 94 471 1460 1671 1708 2520 3353 3431 4993 5270 5679 6199 6239 6587 7263 7291 7438 7552 8612 9112 9197 9700 9807 9874 
172 52 427 1619 2257 2400 2769 2835 2863 3149 3547 4732 6919 7862 7963 8121 8226 8369 8871 8967 9286 9549 9720 9730 9767 9963 
173 464 541 766 1077 1296 1333 5664 5670 6265 6510 7635 7667 7679 9187 9293 9520 9695 9952 
174 207 1288 1523 1723 2314 2780 2865 3411 4422 4916 6401 6553 6566 6870 7319 7706 8076 8639 9363 9502 9728 
175 1129 1436 1603 1615 1804 1817 2260 2337 2611 2636 2852 2994 3302 3319 3586 3814 3897 4021 4084 4467 4782 4903 5402 5404 5445 5557 5789 5806 6451 6761 6825 7053 7265 7424 7516 7601 7751 8282 9450 9999 
176 152 308 1805 2509 2639 2666 3018 3201 3684 3876 4268 4431 4656 4665 5095 5221 5787 6016 6309 6740 6917 6949 7034 7352 8150 
177 14 466 554 1810 1930 1959 2755 3023 3141 3161 3555 4344 4673 4898 4931 5125 5434 5774 6259 7164 7231 7555 8271 8833 9563 9631 9791 9832 9957 
178 185 425 467 810 880 972 1220 1558 1670 1710 1901 2015 2075 3001 3050 3315 3525 3587 4102 4156 5064 5228 5504 5702 5777 6086 6314 6343 6499 6815 7125 7442 8078 8819 8920 9857 9898 9907 
179 299 597 1715 1783 2303 2813 3027 3655 3743 3919 4152 4225 4842 5020 5779 6257 6290 6713 6827 6897 7104 7114 7355 7454 7791 7803 8172 9108 9273 9729 9962 
180 191 878 1346 1386 1536 1978 2157 2418 2441 2814 3361 3899 3984 4663 4784 5367 5565 5698 6186 6225 6363 6794 7157 7486 7662 7713 7867 8424 8507 8583 9004 9242 9388 
181 88 96 871 1554 2165 2334 2407 2501 3399 3634 3966 4386 4487 5327 5386 5426 5994 6807 6821 7151 7204 7244 9041 9397 9483 9620 9773 9865 
182 257 273 935 1054 1334 1343 1363 1864 2118 2588 2901 2953 3054 3429 3536 4173 4301 5046 5283 5388 5802 5871 6268 6669 6997 7039 7810 7845 8075 8209 8619 8645 8980 9190 9569 9933 
183 38 751 898 1270 1658 1987 2171 3020 3162 3259 3759 4306 4336 4501 5018 5123 5315 6799 6837 8246 8416 8809 9227 9390 
184 8 254 1321 1410 1575 1872 2330 2608 2977 2978 3059 3065 3088 4141 4474 4586 4729 5442 5522 5715 5845 6028 7030 7109 8275 8517 9971 
185 402 482 545 859 998 1135 1721 2077 2188 2359 2408 2834 2964 3461 3584 4015 4044 4269 4582 4609 4645 4777 5936 6677 7496 7688 8031 8234 8549 8614 8834 8894 9178 9449 9766 
186 302 842 1358 1609 1610 1939 2198 2372 2638 2831 4028 4756 4933 5112 5226 5284 5648 5753 6345 7325 7591 7743 7995 8083 8138 9370 9771 
187 244 1405 1525 2282 2487 2593 2738 3111 3989 4947 5306 5619 5773 6153 6994 7056 7578 7585 7617 8013 8294 8553 9133 9585 9828 
188 69 505 619 882 1678 2411 2599 2739 3135 3144 3396 3631 4033 4809 4926 5205 5796 6266 6730 7326 7414 8696 8829 8953 9146 9147 9245 9350 9376 9586 9792 
189 77 446 492 1269 1893 2125 2251 2629 2633 3176 3275 3657 4158 4432 4499 4999 5263 6234 6938 7082 7401 7507 7851 8216 9498 
190 1185 1927 1997 2231 2333 2778 2823 3348 4362 4452 4807 4890 5498 5767 6550 6707 6829 7905 8008 8145 8537 8732 8915 9124 9210 9226 9670 
191 838 1178 1211 1283 1526 2036 2391 2548 2697 3750 3973 4243 4319 5118 6228 6256 6497 6554 6645 6737 7045 7149 7493 7532 7544 8478 8605 9405 9605 
192 67 81 572 757 1669 1724 3264 3455 3805 4114 4868 5250 5892 5954 5993 6503 7037 7416 7470 8473 8687 8919 9031 
193 172 403 817 1111 1413 1503 2876 3281 4076 4204 4576 4981 5646 5974 6636 7369 8212 8511 9414 9872 
194 139 575 772 1015 1127 1957 2084 2846 3245 3307 3356 3366 3696 4514 5229 5749 5990 6830 6941 8055 8314 8467 9095 9589 
195 119 587 890 1194 1831 2392 2855 2987 3101 3535 3613 3658 4010 4369 4513 4574 5483 5689 5927 7076 8054 8328 8403 8486 8491 8520 8766 8995 9149 9787 9992 
196 170 362 468 2369 2679 2854 3124 3196 3243 3351 3428 4016 4034 4157 4406 5218 5536 6018 6410 6824 7138 7775 7796 9159 9475 
197 159 261 448 1268 2620 2676 2992 3084 3633 3790 4140 4412 4835 4885 5023 5732 5959 6598 6888 7509 7985 8184 8197 8363 8497 9174 9780 
198 85 1201 1475 1674 2034 2081 2550 2807 3025 3629 4049 4284 4334 4495 4599 4820 4974 5328 6479 6933 7342 7375 7612 8019 8845 9148 9416 9568 
199 11 99 109 214 538 1159 1263 1553 1693 1745 1965 2479 2521 2587 3168 3318 3454 4328 5591 5595 6356 6961 7260 7463 7900 8954 9199 9264 9990 
200 150 582 1473 1569 2033 2692 3199 3848 4450 4631 4640 5368 5694 5837 5850 6125 6216 7390 7581 8007 8449 8993 9379 9403 9524 
201 180 235 373 477 621 793 849 884 1116 1472 1990 2088 2549 2722 3013 3172 3703 4606 4901 4949 5082 5210 5454 5859 6030 6109 6303 6808 6812 7500 7771 7951 8310 9441 9511 
202 236 311 588 637 727 2277 2280 2581 2677 2744 2877 2960 3519 3620 3626 5024 5139 6134 6431 6616 7129 7857 7885 7965 8100 8385 9048 9126 9852 
203 58 286 449 1214 1608 1785 2467 2664 2914 2948 4423 4433 5246 5331 6033 6366 6535 6629 7452 7546 8020 8290 8300 8346 8545 8674 8721 8858 8985 9279 9680 9858 
204 33 157 363 406 556 1136 1281 1691 1740 1843 2195 2319 2488 3039 3467 3843 3858 4297 5622 5962 6725 6945 7052 7128 7472 7579 7933 7999 8229 8292 8303 9195 9523 9805 
205 101 200 322 626 702 765 1114 1163 1570 1713 1892 2232 2248 2502 2564 2860 3280 3550 4286 4914 5231 5310 5396 5601 5606 5897 5898 5995 6353 6863 6903 6980 6992 7444 7978 8258 8330 8857 8899 9518 9678 9722 9947 
206 133 298 417 783 1247 1256 2005 2759 3064 3116 3131 3507 3868 4142 4219 4279 4623 5704 6000 6210 6459 6462 6547 6839 6925 7468 7802 7861 8066 8249 8407 9432 
207 1094 1365 1414 1504 2449 2516 2795 2848 2997 3218 3392 3745 3933 4354 4545 4812 4929 5920 6067 6529 6915 7508 8050 8704 9050 9071 9166 9595 9830 9981 
208 27 833 845 856 1735 1761 1883 2398 2595 3142 3988 4616 4848 5349 5965 6324 6436 6551 6943 7088 7563 7960 8174 8341 8523 8726 9228 
209 517 617 966 1402 1412 2032 2038 2567 2699 3079 3123 3293 3451 3963 4471 4557 4688 5352 5496 5530 5647 5686 5979 6219 7505 7512 7562 7734 7829 8404 8438 8660 9090 9371 9514 9641 
210 1284 1379 1521 1568 1953 2972 2976 5555 6851 7398 7805 8376 8593 8743 9185 9423 
211 230 1597 1717 2000 2429 2471 4080 4305 5825 6793 6996 7101 7247 7542 7678 8091 8452 9295 9544 9770 9886 
212 264 734 915 1378 1624 2973 3093 3667 4815 5335 5459 5795 5885 6596 7249 7819 8157 8631 8810 9471 9542 9984 
213 544 1198 1494 1620 1703 2028 2047 2167 2433 2880 2954 3458 3604 3786 4099 4536 4605 5111 5482 5742 6231 6319 6490 6538 7025 7081 7547 7567 7826 9027 9354 
214 128 224 460 576 1029 1330 1382 2137 2568 3255 4050 4231 4435 4525 4560 5142 5588 6313 6379 6386 6461 6567 7256 7613 8922 9392 9527 9691 9727 
215 106 338 2663 3314 3709 3887 4348 5092 5457 5561 5811 6002 6116 6480 6889 6999 8135 8315 8567 8581 8910 9016 9424 9764 
216 1827 2754 3642 3977 4116 4705 4884 5110 6117 6180 6972 7158 7400 7628 7844 8327 8798 8900 8940 9404 9654 9843 
217 196 499 1266 1529 1584 1595 1793 2014 2481 2810 2850 3727 5474 5841 5847 6221 6284 8992 9217 9561 9949 
218 7 123 386 673 682 2184 2226 2241 2539 2704 2742 3198 3442 4998 5071 5281 5415 5523 6357 6369 6720 8201 8725 9029 9707 
219 50 107 269 792 883 1630 2043 2238 2998 3003 3799 4097 4120 4205 4230 4282 4488 4498 5029 5032 5305 5384 5725 5855 6181 6635 7007 7248 7481 7815 8247 8362 8580 8606 8808 9106 
220 73 260 656 1340 1350 1758 1918 2097 2142 2363 2944 3378 3418 3427 3435 3732 4213 4508 4948 5519 5617 6320 6680 6801 7156 7221 7321 7337 7610 8220 8353 8823 9093 9769 9795 9939 
221 604 811 818 1543 1562 1598 1650 3107 3114 3585 3588 4170 4208 4476 4485 5149 5543 5705 5981 6633 6845 6907 7093 7399 7418 7935 8219 8354 8589 9550 9665 
222 378 789 1071 1839 1879 1936 1973 2067 2156 2989 4086 4594 4912 4915 4968 5425 6161 6360 6557 6844 6874 7178 7482 8419 8859 9014 9315 
223 92 259 585 996 1261 1782 3210 3692 3741 3955 4074 4165 4321 4345 5214 5718 6534 6685 6700 6770 7430 8113 8262 8265 8372 8689 8998 9752 9838 
224 583 1533 1699 1985 2243 2253 2380 3175 3239 3617 3787 4246 4256 4746 4816 6407 6413 7201 8251 8514 8571 8609 8909 9577 9762 
225 319 661 954 1759 2307 3145 3472 3611 3668 3993 5087 5190 5191 5503 5815 6179 6350 6590 6854 7199 7339 7827 8188 8252 8815 9125 9396 9683 
226 474 552 1337 1453 1583 1599 1742 1791 2627 2675 3061 3099 3390 4166 4206 4443 5128 5239 5255 5505 5550 5790 5984 6790 6891 7478 7639 8022 8072 8230 8867 9864 
227 609 1011 1067 1110 1276 2122 3610 4880 5053 5501 5532 5923 6522 6977 7280 8003 8225 8250 8334 8368 9078 9978 
228 90 542 916 1008 1226 1250 1488 1635 1726 1880 2254 2505 2938 3231 3685 4093 4209 4346 4843 4958 4980 5089 6202 6974 7041 7304 7474 8106 8134 8543 8820 9039 9105 9236 9884 
229 204 469 537 736 801 1327 2002 2147 2287 2335 2580 2709 2859 3334 3468 3712 4265 4644 5202 6311 6934 6940 7315 7373 7480 7524 7545 8243 9135 9258 
230 32 70 501 777 917 1267 1667 1694 1926 2450 2851 4904 4911 4927 5026 5340 5807 6014 6784 7013 7194 7624 7998 8058 8163 8410 8885 9553 
231 222 685 1480 1517 2008 2377 3397 3872 5016 5336 5383 5423 5666 5700 5737 6485 6564 6652 6663 7137 7492 7718 7801 7837 8041 8887 8901 8977 9322 9566 9996 
232 43 62 562 748 848 1148 1541 1914 2507 2826 3041 3191 3256 3282 3749 4358 4633 4776 4899 5034 5040 5120 6196 6739 6964 7083 7136 7925 8093 8215 8388 8393 9054 9437 9474 9600 
233 347 1045 1088 1395 2004 2054 2732 3090 3368 3569 4928 5269 5330 5760 5813 7378 7467 7732 7749 8861 9362 
234 248 360 1122 1638 1854 1952 1995 2462 3247 3338 3556 3622 3756 3841 4266 4363 5035 5160 5537 6384 6460 6762 6835 7062 7320 7363 7427 7466 7637 7787 9422 9932 
235 122 1499 1647 2453 3056 3419 3445 3566 3644 4047 4323 5290 6884 8186 8499 8709 8862 9644 
236 167 461 550 695 775 1407 1929 2052 2168 2387 2484 2812 3689 3925 4154 4179 4900 5321 5451 5612 5674 6673 6991 7133 7219 7297 7407 7636 8945 9686 9743 
237 686 839 945 1300 1359 1722 1994 2053 2085 2352 2482 2524 2862 3019 3184 3755 4201 4894 5011 5272 5348 5570 5599 5627 5991 6004 6074 6206 6326 6526 7033 7179 7420 7436 7872 8060 8931 9134 9438 9803 9859 
238 174 267 358 509 595 665 947 1342 1500 1576 1672 2276 2469 2578 3820 4113 4291 4704 5500 5620 6050 6504 6670 7170 8304 8789 8850 9637 
239 190 372 704 956 1433 1736 2624 3294 3352 3606 3636 4030 4059 4178 4460 4478 4581 5413 5763 5863 6019 6213 6250 6321 6428 6582 6773 7023 7594 7979 8162 8296 8576 8675 8934 9079 9306 9339 9429 9601 
240 496 615 1469 1659 1962 2139 2685 2942 2951 3449 3637 4073 4533 5540 6800 6872 7168 7587 7630 7750 7828 8322 8564 8640 8671 9214 9233 9328 9588 9590 9669 9699 9809 9901 
241 437 485 579 948 1173 1259 1786 2124 2193 2731 2839 3895 4537 4714 4907 5192 5309 5339 6215 7778 8398 8762 9470 9582 9758 9896 
242 134 745 826 1172 1335 1490 1512 1574 2105 2374 2424 2585 2717 2748 3222 3373 3490 3608 3863 4552 4566 5900 5908 6152 6548 6831 7162 7659 8431 8683 9351 9521 9955 
243 268 294 478 1126 2143 2801 3441 3481 3679 3717 4918 5182 5430 6364 7208 7459 7590 7847 7878 7908 7970 8129 8572 8611 8699 9005 9629 9682 
244 56 78 166 1059 1144 1496 1967 2046 2561 3069 4489 4539 4754 4832 4950 6017 6427 6927 7206 7786 7793 7896 8433 8801 8916 9352 9358 9374 9386 9425 9675 9684 9798 
245 241 605 995 1023 1684 1991 2530 3126 3266 3270 3447 3534 3796 3994 4257 4313 4618 4841 5389 5471 6119 6267 6873 7359 8068 8516 9080 9496 9765 9846 
246 118 195 980 1085 1105 2274 2749 2766 3453 4040 4164 4261 4694 5391 5440 5723 5944 6706 6842 7175 7651 7677 8082 8117 8339 8646 8740 9486 
247 976 1183 1357 1528 1776 2173 2192 2790 3300 3680 4091 4295 4826 5134 5172 6100 6252 6820 7274 7404 8126 8958 9282 9892 
248 334 865 936 1875 2313 2443 3095 3224 3573 3656 3847 4136 4470 4650 4690 4758 4814 5204 5285 5521 5657 6103 6141 6699 8791 9208 9697 9937 9972 
249 2403 3448 3638 4657 4932 5186 5373 5946 6242 6385 6890 7367 9342 9504 9555 9584 9638 9657 
250 87 210 430 903 1047 1336 1806 1966 2030 2066 2336 2402 2637 3080 4052 4350 4628 5227 5412 6201 6260 6576 7902 8450 8673 9346 9825 9862 9908 
251 24 396 569 636 693 919 938 1459 1737 1824 2219 2344 2589 2720 2935 2940 3203 3343 3360 4378 5033 5623 6087 6177 6483 6524 6859 7153 7915 8560 8870 9012 9130 
252 400 634 641 643 655 705 1262 1308 1421 1887 2218 2477 2737 2816 2867 3540 4370 4483 4520 5547 5634 5869 6495 6654 7047 7759 8637 8734 8795 9167 9278 9313 9603 9920 
253 13 611 990 1579 1789 1924 2020 2331 3526 3596 3806 3959 4055 4364 4558 5130 5135 5598 5605 5665 5810 6131 6274 6474 6505 7302 7697 7761 7831 8804 8933 9232 9398 9797 
254 82 601 790 831 2310 2427 2796 3815 4298 4448 4821 4834 5189 6371 6508 6519 7660 7686 7906 8305 8496 8613 9211 9841 
255 646 1311 1514 3733 4189 4199 4480 4493 4720 5216 6096 6143 6254 6347 6373 6610 6742 7471 7520 7764 7800 8458 9127 9297 9894 
256 4 333 2417 2426 2946 3060 4795 6322 7281 7772 8009 8042 8149 8161 8494 9327 
257 125 329 586 788 960 2021 2045 2404 2435 2705 3000 3158 3289 3346 3565 3823 5621 5770 5899 6008 6013 6904 6926 7634 7648 8064 8261 8667 8744 9706 
258 146 376 825 1286 2275 2381 2817 3329 3695 3839 5037 5279 5410 5573 5989 6441 6763 6853 7094 7572 7627 8299 
259 434 438 451 1003 1070 1246 1593 1886 1932 2217 2642 2985 3240 3661 3974 4408 4436 4465 4941 5068 5477 5912 6277 6332 7145 7649 8285 8360 8713 9007 9096 9160 9216 9310 9494 
260 746 815 1841 2206 2252 2349 2745 2856 3529 4168 4338 4482 5124 5162 5497 6068 6331 6502 6506 6838 7539 7652 8120 8255 8321 8331 8531 8659 8886 8999 9299 
261 40 80 564 739 761 906 1847 2210 2495 2610 2740 3009 3495 4492 4864 5105 5381 6036 6559 6795 6860 7214 7768 8466 9732 9739 
262 314 481 490 1063 1540 1663 2223 2604 2621 3845 3920 4031 4300 4411 4542 4796 4923 5021 5407 5558 5658 5902 6222 6380 6434 7300 7371 7891 8288 8962 9013 9318 9757 
263 1215 1265 1709 2691 2832 2879 2952 3258 3563 3580 3980 4615 5475 6091 6449 7340 7675 7840 8533 8941 9202 9317 9772 
264 295 645 653 857 1938 2161 2682 3076 3408 3457 3693 3723 3942 4768 4919 5256 5846 5866 6139 6297 6382 6852 6950 6976 7798 7842 7890 8664 9103 9402 9551 9784 
265 112 532 835 1470 1751 1770 2018 2136 2434 3197 3650 3879 3909 4096 4562 4592 4792 4831 5193 5215 5478 6477 6591 6634 6975 7299 7897 8408 9505 
266 154 239 275 398 769 1053 1230 1948 2037 2808 2904 3405 3618 4410 4504 4925 5196 5308 6971 8623 8814 8826 8996 9184 9635 
267 270 694 799 1294 1397 1578 1601 1633 1882 3860 4244 4347 4353 4739 4760 4828 4863 5716 6071 6214 6632 7991 8026 8045 8221 9131 9340 9870 9951 
268 1123 2103 2234 2395 3004 3089 3214 3238 3395 3523 3760 3761 3924 4494 4546 4684 4761 5235 5980 6280 6393 6463 8289 8336 8805 9840 9989 
269 1039 1332 1881 2537 2974 3599 3923 4002 4155 4224 4234 4869 5059 5566 5921 6563 6614 6620 6787 6912 7189 8395 8401 8925 8927 9198 9442 
270 867 975 1022 1224 1409 1890 1970 3146 3271 3410 3694 3853 4372 4455 4472 5476 5707 6648 6723 6935 6993 7169 7856 7972 8335 8345 9399 9455 
271 98 774 1025 1354 1416 1443 2315 2385 2489 3524 3675 3794 3952 4070 4078 4267 4272 4674 4685 5076 5093 5265 5334 5375 5567 5649 5722 5928 5969 6704 7069 7212 8307 9063 9508 9576 
272 309 589 794 805 877 2726 2727 2792 3273 3768 3915 4005 4011 4371 4427 5017 5183 5212 5450 5461 7379 7576 8387 8481 8510 8541 8948 9287 9847 
273 644 1720 1855 1993 2006 2160 3278 4238 4844 5580 5597 5651 5896 6305 6958 7132 7159 7476 7631 7691 7811 7971 8193 8355 8723 8772 8806 
274 6 206 441 770 1028 1501 2932 2967 3096 3893 4188 5197 5780 5875 6124 6712 7614 8441 9389 9411 9484 9539 9564 9723 9737 
275 324 798 860 899 992 1078 1420 1799 2126 2190 2475 2868 2990 3364 4124 4192 4505 4862 5326 6338 6511 6574 6621 7010 7618 7681 7814 7823 8280 8352 8420 8644 8714 8788 9201 9546 9622 
276 632 638 1509 2010 3205 3262 3284 3508 3530 3735 3896 5129 5408 5422 5511 6069 6232 6368 6458 6886 6921 7055 7665 7853 7918 7948 8402 8532 8965 9808 9905 
277 142 560 1001 1090 1242 1309 1368 2095 2446 2684 3155 3296 3370 3387 3852 4143 4383 4887 5274 5362 5518 5852 7656 8047 8185 8256 8421 8635 8831 9853 
278 5 1196 2128 2922 3237 3804 4088 4416 4517 4642 4668 5363 5512 5827 5893 6447 6560 6883 6930 7054 7432 7551 7952 8158 9345 9510 9612 9701 
279 213 721 885 1240 2001 2162 2342 2569 2575 3304 3320 4387 4572 4728 4779 4988 5529 5602 6261 7643 7931 8213 9487 9538 9579 9927 9976 
280 72 89 551 1175 1252 1763 2419 2841 3148 3285 3434 3740 3773 4111 4227 4308 4380 4409 4892 5854 6070 6517 6580 7461 7526 7784 8010 8365 8618 8807 8937 9794 
281 689 1245 1573 1698 1800 1942 2379 2956 3014 3308 3553 3800 4065 4531 4696 4936 5052 5240 5494 6729 6916 7119 7252 7316 8989 9224 9479 9545 
282 303 1221 1479 1649 2473 2631 2889 3002 3157 3916 4025 4035 4559 4625 5805 5958 6148 6306 6536 7560 7758 7907 8147 8259 8302 8455 8652 9092 9098 9272 9617 9693 
283 30 178 412 523 737 1428 1823 2510 2668 2857 3112 3398 4193 5439 5446 6193 6276 6295 6307 6408 6818 7090 7099 7694 7824 8033 9203 9636 9651 
284 231 304 435 977 1031 2073 2883 3108 3190 4162 4400 4672 5234 5448 5688 6240 6748 8263 8866 9129 9141 9477 
285 672 875 1083 1431 1586 2080 2133 2153 2459 2496 2955 3250 3488 3491 4332 5414 5977 6207 7245 7310 7854 8237 8551 8817 8912 9193 9756 
286 1550 1673 1765 2364 2515 2962 3251 3616 3901 4117 4283 4365 4801 5264 5387 7176 7374 7383 7426 8096 8171 8504 8754 9488 
287 669 687 1275 1999 2035 2256 2444 2500 2701 2752 3516 3767 4462 4802 5137 6211 6375 6588 6660 7729 7752 7841 7899 8468 8487 8760 9175 9304 
288 671 1559 1651 1894 1898 2442 2465 2591 2712 3330 3549 3832 4778 5061 6220 6491 6811 6978 7155 7529 8108 8118 8425 9075 9316 9361 9632 
289 221 750 987 1212 1285 1314 1367 1642 1646 2158 2328 2476 2861 3138 3177 3438 5151 5159 5217 5433 5437 5453 5739 5751 5820 6200 6735 6895 7001 7663 7956 8700 9250 9573 9753 9902 
290 567 618 708 846 1289 1448 1478 1487 1984 2182 2498 2519 2615 2799 2821 3739 3770 4129 4702 5244 6275 6351 6642 7674 8024 8380 9337 9889 
291 66 111 209 723 795 1030 1302 1922 2068 3389 3564 3936 4473 6243 6646 6682 7411 7816 8570 8624 9113 9913 
292 949 1137 1243 1248 1458 1913 2713 3253 3581 3602 3621 3648 4029 4145 4697 5051 5341 5868 5964 6570 6630 6747 7711 8587 8661 8718 8763 9305 9940 
293 345 380 940 1513 1545 1753 2357 2514 2753 3166 3327 3460 4151 5078 5280 5435 5585 5703 5879 6132 7005 7294 7428 8616 8656 9119 9309 9662 9666 9741 9746 9993 
294 361 565 744 843 1607 1696 2362 3178 3347 3517 3818 3828 4019 4098 4655 5222 5318 5486 5579 5741 6292 6478 7105 7209 7932 9032 9275 
295 440 928 1051 1115 1279 1415 1419 1682 1865 2175 2230 4020 4264 4573 5094 5187 6316 6361 6378 6828 7139 7721 7757 7961 8338 8568 8582 8600 9107 9768 9960 
296 155 350 526 679 893 927 1055 1373 1730 1732 1840 2117 2159 2518 2662 2900 2991 3028 3031 3298 3377 3663 3946 3960 4046 4216 5062 5479 5973 6084 6664 6798 7309 7344 8087 8384 8626 8780 9035 
297 41 124 423 812 985 1101 1181 1711 1835 2791 2871 2895 2917 3295 3819 4402 4446 4811 5470 5653 5834 5956 6392 6412 6744 7285 7676 7698 7865 8035 8214 8373 8620 9002 9507 9552 9593 9774 9980 9987 
298 910 1596 1662 1734 1749 1822 1949 2323 2570 3301 3834 3996 4101 4554 4583 4783 5615 5799 6045 6052 6362 6745 7167 8034 8044 8377 8422 9793 
299 26 306 533 1249 1497 1903 1905 2071 2163 2185 2437 2448 2536 2723 3290 3393 3713 3884 4255 4403 4420 5350 5409 5786 5832 5922 6135 6281 6405 6533 6936 7647 7795 8747 9276 
300 703 743 1318 1362 2800 2899 3051 3757 4249 4382 5839 6039 6626 6691 6896 7703 7937 7977 8796 8946 9883 
301 387 946 2110 2472 2764 2910 2966 3388 3537 3614 4041 4601 4632 5045 5527 5655 5733 5835 5838 5905 6115 6299 6520 6676 6981 7385 7413 7680 8103 8351 8684 9056 9076 9136 9349 9458 9567 9711 
302 543 683 1097 1510 1515 2255 2308 2665 2670 2853 3475 4357 5237 5625 5914 6204 6317 6698 6774 6901 7267 7804 8148 8655 8767 8847 8956 9144 9888 
303 51 455 1234 1432 1877 2120 2144 2189 2480 5277 5418 5695 5949 6315 7781 8115 8241 8493 8556 8565 8986 9302 
304 571 667 1034 1074 1208 1549 1700 1937 3082 3110 3119 3269 3671 3701 3859 4017 4119 4146 4197 4314 4444 4984 5849 6063 6198 6732 6865 7251 7701 7789 7822 7983 8415 8773 9082 9152 
305 459 614 1018 1033 1169 1192 1727 1860 2099 2267 2547 2945 3133 3459 3528 3716 4118 4276 4330 4331 6425 6472 6513 6578 6705 7141 7564 7914 8628 8842 8987 
306 716 1007 1257 1594 2039 2286 2368 2538 2971 3249 3422 3736 3934 4183 4339 4491 4818 5304 5713 6358 6377 6555 6674 7715 8273 8686 8825 9220 9235 9277 9497 9516 9799 
307 1056 1132 1688 2151 2299 2543 2584 2648 2787 2819 2911 3746 3777 3836 3985 3992 4390 5090 6227 6279 6348 7333 7623 7881 8097 8969 9070 9265 9607 9611 9643 9801 
308 17 508 1532 1980 2003 2029 2784 3471 3947 4009 4169 4765 4960 5975 6328 6556 7126 7298 7322 7475 7519 9162 9500 9871 
309 147 628 1746 1916 2177 2388 3063 3132 3193 3619 3662 3892 4056 4245 4515 5353 5395 5639 7043 7197 8414 8528 9633 9823 
310 65 194 433 573 730 1591 1779 2040 2237 2630 2804 2827 2909 3719 4161 4496 4662 4992 5074 5140 5207 5930 7097 7103 7765 7790 7883 8753 9325 9806 9813 
311 553 707 713 747 968 1361 1832 1910 2244 2455 2815 3109 3527 3567 4235 4518 5332 5351 5781 5983 6137 6287 6568 6579 6694 6743 6777 7004 7236 7514 7565 7625 7728 8038 8114 8653 8848 8924 9073 9348 9427 9694 
312 229 483 974 1199 1251 1258 1542 2324 2757 2768 3012 3704 4743 4752 5419 6006 6336 7220 7257 7354 9044 9209 9489 9887 
313 861 918 983 1229 1271 1582 1629 2242 2918 3424 4067 4317 4838 4897 4924 5039 5153 5259 5669 5701 5719 5736 5953 6104 6112 6599 6613 6813 8099 8535 8906 8991 9364 9443 
314 473 566 791 820 993 1422 1837 1844 2874 3128 3676 4083 4196 4527 4563 4803 5260 5432 5616 6488 6760 7027 7262 9182 9418 9778 9867 
315 251 397 1227 2798 3589 3854 3975 4071 4324 4456 4682 4766 4886 4965 5116 6031 6223 7382 8094 8479 8483 8928 9028 
316 57 60 596 1048 1374 1564 2414 3257 4722 4727 5398 5464 5618 5812 5947 6294 6764 6850 7423 7664 8470 8557 8973 9246 9866 
317 132 513 1158 1313 2213 2247 2721 2898 3541 3607 3844 4232 4398 5416 5891 6651 7327 7580 7994 8203 8217 8264 8316 8625 8821 
318 237 379 623 635 828 830 1623 2272 2552 3651 4037 4575 4723 4808 5200 5909 6288 6871 7084 7439 7620 7641 7730 7968 8059 8574 8911 8966 9046 9206 9975 
319 266 374 963 1467 1531 1660 1755 1902 2186 2297 2728 2870 2903 2912 3365 4182 4285 4648 4785 5114 5356 6051 6530 6569 6834 6920 7003 7571 8485 8648 8728 9168 9191 9899 
320 603 2082 2191 2216 2227 2266 2979 3235 3409 4149 4220 4322 4441 4639 4670 4957 5195 6262 6329 6496 7785 7806 8030 8205 8361 9045 9372 9465 
321 547 691 785 1482 1988 2236 2383 2474 2647 3380 3641 3687 4750 5589 5592 6130 6226 6601 7092 7117 7356 7534 7575 7644 8155 8391 8443 8462 8918 9385 9463 9628 9903 9917 
322 353 540 829 1204 2070 2719 2887 3183 3827 4057 4203 4698 4730 4789 5562 6147 6722 7085 7537 8878 9158 9533 9958 
323 297 951 1019 1060 1239 1527 2259 2438 2603 2822 3842 3945 4602 4687 5307 5364 5460 5793 7009 7277 8204 8340 8632 8990 9085 9751 9881 
324 741 2093 2606 2937 3073 3127 3762 4695 5576 5638 5985 6492 6665 7067 7477 8210 8223 8267 8897 9420 9602 9736 9986 
325 220 779 800 802 1150 1739 1826 2576 2735 2773 2830 3106 3192 4174 4242 4327 4937 4997 5127 5533 6241 6376 6990 7196 7940 7981 8187 8602 8736 8893 9624 
326 315 494 620 640 720 1425 1567 2114 2696 3935 4215 5048 6415 6435 6617 6675 7608 8513 8634 8662 8678 8799 9169 
327 368 1164 1581 2172 3105 3277 3430 4454 4538 4867 4959 5088 5179 5546 5724 6129 6537 7535 7569 7725 8239 9481 9548 9779 
328 288 301 658 813 1326 1351 3643 3785 3932 4677 4858 5203 5801 6157 6253 6346 7077 7150 7755 8508 9536 9627 9946 9985 
329 507 1061 1112 1213 1417 1439 2270 2410 2526 3179 3230 3469 3484 3551 3593 3967 4175 4913 5298 5462 6355 6444 6733 7011 7370 7531 7763 7782 7873 8641 8695 8748 8968 
330 64 630 921 1665 1867 2278 2316 2996 3489 3669 3869 4180 4191 5230 6003 6641 7018 7120 8084 8260 8764 9057 9290 9839 9967 
331 3 215 580 957 1836 2460 2622 2829 2949 3173 3372 3630 3882 4236 4556 4985 5294 5709 6467 6544 6756 6786 6985 7051 7335 7744 8178 8472 8682 9155 
332 135 163 179 408 518 530 536 879 1706 1812 2130 2354 2425 2557 2601 2700 3185 3778 3990 4259 4718 4742 4995 5004 5417 5877 6057 6229 6359 6819 6841 7072 7224 7255 7392 8561 9140 9357 9408 
333 202 226 1166 1390 1556 1743 1760 1766 2678 2983 3045 3359 5070 5997 6073 6475 6686 7332 7469 8011 8164 8394 8492 8702 9102 9218 9755 
334 59 71 223 262 416 510 519 1685 1851 1899 2394 2566 2609 3502 4825 4870 5613 6283 6398 6605 6638 6711 6802 7074 7115 7258 7331 7441 8228 8257 8386 8558 8811 9060 9188 
335 39 729 969 981 1380 1537 2235 3439 3574 4218 4945 5320 6278 6422 6716 7323 7726 7964 9088 9835 
336 411 522 965 1389 1617 1788 1871 1917 2583 2928 3647 3683 3730 3914 4510 4543 4909 5013 6034 6388 6631 7455 8132 8349 8642 8882 8979 9365 9818 
337 97 258 711 1348 1964 2370 2729 3136 3268 3576 4251 4651 4920 5708 6062 6285 6962 7479 7557 8086 8206 8278 8312 8578 9225 9338 9355 9690 
338 649 1747 2478 3169 3594 3665 4699 4817 5458 5641 5970 6192 6923 6960 7073 7745 8297 9156 9953 
339 700 1036 1394 1456 1707 1846 2746 2982 3075 3421 3731 3917 4724 5155 5338 5945 6001 7541 7682 7982 7993 8680 9291 9326 
340 16 278 1430 1538 1664 2239 2327 3117 3154 3164 3479 3906 3997 4241 4852 4944 5054 5324 5788 5858 6330 6857 7022 7066 7259 7270 7597 7600 7606 7773 7777 8277 8584 8864 9114 9419 9493 
341 325 907 1066 1128 1235 1305 1349 1445 1484 1524 1652 1933 2258 2594 2927 2950 3470 3632 3688 3995 4130 4395 5293 5509 6156 6246 6718 7234 7852 7955 8141 8643 8898 9331 
342 326 827 931 1161 1187 1399 2078 2454 2628 3560 3921 4522 4528 4734 4797 4875 5177 5492 5747 6403 6512 6772 7172 7712 8012 8418 9395 9587 9760 
343 216 512 1084 2086 2485 2718 4210 4414 4500 4521 5465 6913 7186 7312 8231 8357 8375 8519 8559 8573 8818 9332 9541 9850 9929 9954 
344 2 193 647 1290 2339 2789 4125 4320 4652 5156 5169 6044 6146 6846 7347 7522 8690 8752 8824 8951 9249 9298 9725 9844 9941 
345 364 452 568 598 670 806 1219 1915 2183 2698 2802 3499 4624 4646 4654 4839 5455 5587 6514 7202 7722 7938 7957 8344 8366 9467 9530 9645 9719 
346 698 1364 1552 1695 2284 3520 4425 4524 5007 5194 5506 5778 6454 6848 8151 8881 9122 
347 271 539 964 1206 1455 1516 1680 1705 2412 3321 3646 3738 3822 4250 4343 5163 5817 6007 6010 6558 6979 8192 9117 9674 
348 86 277 515 894 1427 1498 1814 2112 2285 2401 2706 3310 3336 4032 4045 4077 4622 4635 4719 5158 6058 6089 6775 6782 7060 7289 7338 7348 7362 7716 7980 8112 9239 9639 9709 9810 
349 664 1819 1873 2064 2090 2294 2431 2671 3102 3415 3492 5525 6515 6644 6910 7121 7188 7241 7797 8447 8840 8892 8943 8974 9261 9677 9964 
350 316 419 514 2065 2106 2111 2915 3195 3753 3982 4340 4374 4391 4763 4990 5010 5288 5538 5758 6245 6501 7365 7449 8313 8378 8477 8489 8731 8830 9222 9640 
